ARM GAS  C:\Users\Root\AppData\Local\Temp\cczndsul.s 			page 1


   1              		.syntax unified
   2              		.cpu cortex-m0
   3              		.fpu softvfp
   4              		.eabi_attribute 20, 1
   5              		.eabi_attribute 21, 1
   6              		.eabi_attribute 23, 3
   7              		.eabi_attribute 24, 1
   8              		.eabi_attribute 25, 1
   9              		.eabi_attribute 26, 1
  10              		.eabi_attribute 30, 1
  11              		.eabi_attribute 34, 0
  12              		.eabi_attribute 18, 4
  13              		.thumb
  14              		.syntax unified
  15              		.file	"main.c"
  16              		.text
  17              	.Ltext0:
  18              		.cfi_sections	.debug_frame
  19              		.section	.text.main,"ax",%progbits
  20              		.align	2
  21              		.global	main
  22              		.code	16
  23              		.thumb_func
  24              		.type	main, %function
  25              	main:
  26              	.LFB35:
  27              		.file 1 "main.c"
   1:main.c        **** /* ========================================
   2:main.c        ****  *
   3:main.c        ****  * Copyright YOUR COMPANY, THE YEAR
   4:main.c        ****  * All Rights Reserved
   5:main.c        ****  * UNPUBLISHED, LICENSED SOFTWARE.
   6:main.c        ****  *
   7:main.c        ****  * CONFIDENTIAL AND PROPRIETARY INFORMATION
   8:main.c        ****  * WHICH IS THE PROPERTY OF your company.
   9:main.c        ****  *
  10:main.c        ****  * ========================================
  11:main.c        **** */
  12:main.c        **** #include "project.h"
  13:main.c        **** #include "OLED_SSD1306_1_SSD1306_API.h"
  14:main.c        **** 
  15:main.c        **** int main(void)
  16:main.c        **** {
  28              		.loc 1 16 0
  29              		.cfi_startproc
  30              		@ args = 0, pretend = 0, frame = 32
  31              		@ frame_needed = 0, uses_anonymous_args = 0
  32 0000 00B5     		push	{lr}
  33              		.cfi_def_cfa_offset 4
  34              		.cfi_offset 14, -4
  35 0002 89B0     		sub	sp, sp, #36
  36              		.cfi_def_cfa_offset 40
  17:main.c        ****     struct OLED_SSD1306_1_OLED_Configuration my_config; 
  18:main.c        ****     CyGlobalIntEnable; /* Enable global interrupts. */
  37              		.loc 1 18 0
  38              		.syntax divided
  39              	@ 18 "main.c" 1
ARM GAS  C:\Users\Root\AppData\Local\Temp\cczndsul.s 			page 2


  40 0004 62B6     		CPSIE   i
  41              	@ 0 "" 2
  19:main.c        ****     OLED_SSD1306_1_OLED_Start(); 
  42              		.loc 1 19 0
  43              		.thumb
  44              		.syntax unified
  45 0006 FFF7FEFF 		bl	OLED_SSD1306_1_OLED_Start
  46              	.LVL0:
  20:main.c        ****     OLED_SSD1306_1_OLED_create_default_config(&my_config); 
  47              		.loc 1 20 0
  48 000a 01A8     		add	r0, sp, #4
  49 000c FFF7FEFF 		bl	OLED_SSD1306_1_OLED_create_default_config
  50              	.LVL1:
  21:main.c        ****     OLED_SSD1306_1_OLED_mode_select(command_mode); 
  51              		.loc 1 21 0
  52 0010 3C20     		movs	r0, #60
  53 0012 FFF7FEFF 		bl	OLED_SSD1306_1_OLED_mode_select
  54              	.LVL2:
  22:main.c        ****     OLED_SSD1306_1_OLED_toggle_Reset(); 
  55              		.loc 1 22 0
  56 0016 FFF7FEFF 		bl	OLED_SSD1306_1_OLED_toggle_Reset
  57              	.LVL3:
  23:main.c        ****     OLED_SSD1306_1_OLED_config(&my_config);
  58              		.loc 1 23 0
  59 001a 01A8     		add	r0, sp, #4
  60 001c FFF7FEFF 		bl	OLED_SSD1306_1_OLED_config
  61              	.LVL4:
  24:main.c        ****     OLED_SSD1306_1_OLED_set_addr_mode(0x02);
  62              		.loc 1 24 0
  63 0020 0220     		movs	r0, #2
  64 0022 FFF7FEFF 		bl	OLED_SSD1306_1_OLED_set_addr_mode
  65              	.LVL5:
  25:main.c        ****     OLED_SSD1306_1_OLED_clear_display(); 
  66              		.loc 1 25 0
  67 0026 FFF7FEFF 		bl	OLED_SSD1306_1_OLED_clear_display
  68              	.LVL6:
  26:main.c        ****     OLED_SSD1306_1_OLED_write_characters("Hi", 2, 2, 5); 
  69              		.loc 1 26 0
  70 002a 0523     		movs	r3, #5
  71 002c 0222     		movs	r2, #2
  72 002e 0221     		movs	r1, #2
  73 0030 0148     		ldr	r0, .L3
  74 0032 FFF7FEFF 		bl	OLED_SSD1306_1_OLED_write_characters
  75              	.LVL7:
  76              	.L2:
  77 0036 FEE7     		b	.L2
  78              	.L4:
  79              		.align	2
  80              	.L3:
  81 0038 00000000 		.word	.LC0
  82              		.cfi_endproc
  83              	.LFE35:
  84              		.size	main, .-main
  85              		.section	.rodata.str1.4,"aMS",%progbits,1
  86              		.align	2
  87              	.LC0:
  88 0000 486900   		.ascii	"Hi\000"
ARM GAS  C:\Users\Root\AppData\Local\Temp\cczndsul.s 			page 3


  89              		.text
  90              	.Letext0:
  91              		.file 2 "c:\\program files (x86)\\cypress\\psoc creator\\4.2\\psoc creator\\import\\gnu\\arm\\5.4.
  92              		.file 3 "c:\\program files (x86)\\cypress\\psoc creator\\4.2\\psoc creator\\import\\gnu\\arm\\5.4.
  93              		.file 4 "Generated_Source\\PSoC4/OLED_SSD1306_1_SSD1306_API.h"
  94              		.section	.debug_info,"",%progbits
  95              	.Ldebug_info0:
  96 0000 CE030000 		.4byte	0x3ce
  97 0004 0400     		.2byte	0x4
  98 0006 00000000 		.4byte	.Ldebug_abbrev0
  99 000a 04       		.byte	0x4
 100 000b 01       		.uleb128 0x1
 101 000c 87010000 		.4byte	.LASF34
 102 0010 0C       		.byte	0xc
 103 0011 2C020000 		.4byte	.LASF35
 104 0015 17030000 		.4byte	.LASF36
 105 0019 00000000 		.4byte	.Ldebug_ranges0+0
 106 001d 00000000 		.4byte	0
 107 0021 00000000 		.4byte	.Ldebug_line0
 108 0025 02       		.uleb128 0x2
 109 0026 01       		.byte	0x1
 110 0027 06       		.byte	0x6
 111 0028 CF020000 		.4byte	.LASF0
 112 002c 03       		.uleb128 0x3
 113 002d 1C000000 		.4byte	.LASF9
 114 0031 02       		.byte	0x2
 115 0032 1D       		.byte	0x1d
 116 0033 37000000 		.4byte	0x37
 117 0037 02       		.uleb128 0x2
 118 0038 01       		.byte	0x1
 119 0039 08       		.byte	0x8
 120 003a 97000000 		.4byte	.LASF1
 121 003e 02       		.uleb128 0x2
 122 003f 02       		.byte	0x2
 123 0040 05       		.byte	0x5
 124 0041 05010000 		.4byte	.LASF2
 125 0045 02       		.uleb128 0x2
 126 0046 02       		.byte	0x2
 127 0047 07       		.byte	0x7
 128 0048 B7000000 		.4byte	.LASF3
 129 004c 02       		.uleb128 0x2
 130 004d 04       		.byte	0x4
 131 004e 05       		.byte	0x5
 132 004f B5020000 		.4byte	.LASF4
 133 0053 02       		.uleb128 0x2
 134 0054 04       		.byte	0x4
 135 0055 07       		.byte	0x7
 136 0056 A5000000 		.4byte	.LASF5
 137 005a 02       		.uleb128 0x2
 138 005b 08       		.byte	0x8
 139 005c 05       		.byte	0x5
 140 005d 1E020000 		.4byte	.LASF6
 141 0061 02       		.uleb128 0x2
 142 0062 08       		.byte	0x8
 143 0063 07       		.byte	0x7
 144 0064 43010000 		.4byte	.LASF7
 145 0068 04       		.uleb128 0x4
ARM GAS  C:\Users\Root\AppData\Local\Temp\cczndsul.s 			page 4


 146 0069 04       		.byte	0x4
 147 006a 05       		.byte	0x5
 148 006b 696E7400 		.ascii	"int\000"
 149 006f 02       		.uleb128 0x2
 150 0070 04       		.byte	0x4
 151 0071 07       		.byte	0x7
 152 0072 36010000 		.4byte	.LASF8
 153 0076 03       		.uleb128 0x3
 154 0077 5A010000 		.4byte	.LASF10
 155 007b 03       		.byte	0x3
 156 007c 18       		.byte	0x18
 157 007d 2C000000 		.4byte	0x2c
 158 0081 02       		.uleb128 0x2
 159 0082 04       		.byte	0x4
 160 0083 04       		.byte	0x4
 161 0084 91000000 		.4byte	.LASF11
 162 0088 02       		.uleb128 0x2
 163 0089 08       		.byte	0x8
 164 008a 04       		.byte	0x4
 165 008b F4000000 		.4byte	.LASF12
 166 008f 02       		.uleb128 0x2
 167 0090 01       		.byte	0x1
 168 0091 08       		.byte	0x8
 169 0092 BE020000 		.4byte	.LASF13
 170 0096 05       		.uleb128 0x5
 171 0097 F5020000 		.4byte	.LASF37
 172 009b 1C       		.byte	0x1c
 173 009c 04       		.byte	0x4
 174 009d 1B       		.byte	0x1b
 175 009e F7000000 		.4byte	0xf7
 176 00a2 06       		.uleb128 0x6
 177 00a3 55020000 		.4byte	.LASF14
 178 00a7 04       		.byte	0x4
 179 00a8 1C       		.byte	0x1c
 180 00a9 68000000 		.4byte	0x68
 181 00ad 00       		.byte	0
 182 00ae 06       		.uleb128 0x6
 183 00af 4F000000 		.4byte	.LASF15
 184 00b3 04       		.byte	0x4
 185 00b4 1D       		.byte	0x1d
 186 00b5 68000000 		.4byte	0x68
 187 00b9 04       		.byte	0x4
 188 00ba 06       		.uleb128 0x6
 189 00bb 41000000 		.4byte	.LASF16
 190 00bf 04       		.byte	0x4
 191 00c0 1E       		.byte	0x1e
 192 00c1 68000000 		.4byte	0x68
 193 00c5 08       		.byte	0x8
 194 00c6 06       		.uleb128 0x6
 195 00c7 5A000000 		.4byte	.LASF17
 196 00cb 04       		.byte	0x4
 197 00cc 1F       		.byte	0x1f
 198 00cd 68000000 		.4byte	0x68
 199 00d1 0C       		.byte	0xc
 200 00d2 06       		.uleb128 0x6
 201 00d3 CA000000 		.4byte	.LASF18
 202 00d7 04       		.byte	0x4
ARM GAS  C:\Users\Root\AppData\Local\Temp\cczndsul.s 			page 5


 203 00d8 20       		.byte	0x20
 204 00d9 68000000 		.4byte	0x68
 205 00dd 10       		.byte	0x10
 206 00de 06       		.uleb128 0x6
 207 00df 88000000 		.4byte	.LASF19
 208 00e3 04       		.byte	0x4
 209 00e4 21       		.byte	0x21
 210 00e5 68000000 		.4byte	0x68
 211 00e9 14       		.byte	0x14
 212 00ea 06       		.uleb128 0x6
 213 00eb 62010000 		.4byte	.LASF20
 214 00ef 04       		.byte	0x4
 215 00f0 22       		.byte	0x22
 216 00f1 68000000 		.4byte	0x68
 217 00f5 18       		.byte	0x18
 218 00f6 00       		.byte	0
 219 00f7 02       		.uleb128 0x2
 220 00f8 08       		.byte	0x8
 221 00f9 04       		.byte	0x4
 222 00fa C3020000 		.4byte	.LASF21
 223 00fe 02       		.uleb128 0x2
 224 00ff 04       		.byte	0x4
 225 0100 07       		.byte	0x7
 226 0101 15020000 		.4byte	.LASF22
 227 0105 07       		.uleb128 0x7
 228 0106 31010000 		.4byte	.LASF38
 229 010a 01       		.byte	0x1
 230 010b 0F       		.byte	0xf
 231 010c 68000000 		.4byte	0x68
 232 0110 00000000 		.4byte	.LFB35
 233 0114 3C000000 		.4byte	.LFE35-.LFB35
 234 0118 01       		.uleb128 0x1
 235 0119 9C       		.byte	0x9c
 236 011a B9010000 		.4byte	0x1b9
 237 011e 08       		.uleb128 0x8
 238 011f 86020000 		.4byte	.LASF24
 239 0123 01       		.byte	0x1
 240 0124 11       		.byte	0x11
 241 0125 96000000 		.4byte	0x96
 242 0129 02       		.uleb128 0x2
 243 012a 91       		.byte	0x91
 244 012b 5C       		.sleb128 -36
 245 012c 09       		.uleb128 0x9
 246 012d 0A000000 		.4byte	.LVL0
 247 0131 79030000 		.4byte	0x379
 248 0135 0A       		.uleb128 0xa
 249 0136 10000000 		.4byte	.LVL1
 250 013a 84030000 		.4byte	0x384
 251 013e 49010000 		.4byte	0x149
 252 0142 0B       		.uleb128 0xb
 253 0143 01       		.uleb128 0x1
 254 0144 50       		.byte	0x50
 255 0145 02       		.uleb128 0x2
 256 0146 91       		.byte	0x91
 257 0147 5C       		.sleb128 -36
 258 0148 00       		.byte	0
 259 0149 0A       		.uleb128 0xa
ARM GAS  C:\Users\Root\AppData\Local\Temp\cczndsul.s 			page 6


 260 014a 16000000 		.4byte	.LVL2
 261 014e 8F030000 		.4byte	0x38f
 262 0152 5D010000 		.4byte	0x15d
 263 0156 0B       		.uleb128 0xb
 264 0157 01       		.uleb128 0x1
 265 0158 50       		.byte	0x50
 266 0159 02       		.uleb128 0x2
 267 015a 08       		.byte	0x8
 268 015b 3C       		.byte	0x3c
 269 015c 00       		.byte	0
 270 015d 09       		.uleb128 0x9
 271 015e 1A000000 		.4byte	.LVL3
 272 0162 9A030000 		.4byte	0x39a
 273 0166 0A       		.uleb128 0xa
 274 0167 20000000 		.4byte	.LVL4
 275 016b A5030000 		.4byte	0x3a5
 276 016f 7A010000 		.4byte	0x17a
 277 0173 0B       		.uleb128 0xb
 278 0174 01       		.uleb128 0x1
 279 0175 50       		.byte	0x50
 280 0176 02       		.uleb128 0x2
 281 0177 91       		.byte	0x91
 282 0178 5C       		.sleb128 -36
 283 0179 00       		.byte	0
 284 017a 0A       		.uleb128 0xa
 285 017b 26000000 		.4byte	.LVL5
 286 017f B0030000 		.4byte	0x3b0
 287 0183 8D010000 		.4byte	0x18d
 288 0187 0B       		.uleb128 0xb
 289 0188 01       		.uleb128 0x1
 290 0189 50       		.byte	0x50
 291 018a 01       		.uleb128 0x1
 292 018b 32       		.byte	0x32
 293 018c 00       		.byte	0
 294 018d 09       		.uleb128 0x9
 295 018e 2A000000 		.4byte	.LVL6
 296 0192 BB030000 		.4byte	0x3bb
 297 0196 0C       		.uleb128 0xc
 298 0197 36000000 		.4byte	.LVL7
 299 019b C6030000 		.4byte	0x3c6
 300 019f 0B       		.uleb128 0xb
 301 01a0 01       		.uleb128 0x1
 302 01a1 50       		.byte	0x50
 303 01a2 05       		.uleb128 0x5
 304 01a3 03       		.byte	0x3
 305 01a4 00000000 		.4byte	.LC0
 306 01a8 0B       		.uleb128 0xb
 307 01a9 01       		.uleb128 0x1
 308 01aa 51       		.byte	0x51
 309 01ab 01       		.uleb128 0x1
 310 01ac 32       		.byte	0x32
 311 01ad 0B       		.uleb128 0xb
 312 01ae 01       		.uleb128 0x1
 313 01af 52       		.byte	0x52
 314 01b0 01       		.uleb128 0x1
 315 01b1 32       		.byte	0x32
 316 01b2 0B       		.uleb128 0xb
ARM GAS  C:\Users\Root\AppData\Local\Temp\cczndsul.s 			page 7


 317 01b3 01       		.uleb128 0x1
 318 01b4 53       		.byte	0x53
 319 01b5 01       		.uleb128 0x1
 320 01b6 35       		.byte	0x35
 321 01b7 00       		.byte	0
 322 01b8 00       		.byte	0
 323 01b9 0D       		.uleb128 0xd
 324 01ba 76000000 		.4byte	0x76
 325 01be C9010000 		.4byte	0x1c9
 326 01c2 0E       		.uleb128 0xe
 327 01c3 C9010000 		.4byte	0x1c9
 328 01c7 7F       		.sleb128 -1
 329 01c8 00       		.byte	0
 330 01c9 02       		.uleb128 0x2
 331 01ca 04       		.byte	0x4
 332 01cb 05       		.byte	0x5
 333 01cc FB000000 		.4byte	.LASF23
 334 01d0 0F       		.uleb128 0xf
 335 01d1 00000000 		.4byte	.LASF39
 336 01d5 04       		.byte	0x4
 337 01d6 41       		.byte	0x41
 338 01d7 B9010000 		.4byte	0x1b9
 339 01db 0D       		.uleb128 0xd
 340 01dc 76000000 		.4byte	0x76
 341 01e0 EC010000 		.4byte	0x1ec
 342 01e4 10       		.uleb128 0x10
 343 01e5 FE000000 		.4byte	0xfe
 344 01e9 7F01     		.2byte	0x17f
 345 01eb 00       		.byte	0
 346 01ec 11       		.uleb128 0x11
 347 01ed 69000000 		.4byte	.LASF25
 348 01f1 04       		.byte	0x4
 349 01f2 43       		.byte	0x43
 350 01f3 DB010000 		.4byte	0x1db
 351 01f7 8001     		.2byte	0x180
 352 01f9 00       		.byte	0
 353 01fa FC       		.byte	0xfc
 354 01fb 12       		.byte	0x12
 355 01fc 12       		.byte	0x12
 356 01fd 12       		.byte	0x12
 357 01fe 12       		.byte	0x12
 358 01ff FC       		.byte	0xfc
 359 0200 00       		.byte	0
 360 0201 00       		.byte	0
 361 0202 FE       		.byte	0xfe
 362 0203 92       		.byte	0x92
 363 0204 92       		.byte	0x92
 364 0205 92       		.byte	0x92
 365 0206 92       		.byte	0x92
 366 0207 6C       		.byte	0x6c
 367 0208 00       		.byte	0
 368 0209 00       		.byte	0
 369 020a 7C       		.byte	0x7c
 370 020b 82       		.byte	0x82
 371 020c 82       		.byte	0x82
 372 020d 82       		.byte	0x82
 373 020e 82       		.byte	0x82
ARM GAS  C:\Users\Root\AppData\Local\Temp\cczndsul.s 			page 8


 374 020f 44       		.byte	0x44
 375 0210 00       		.byte	0
 376 0211 00       		.byte	0
 377 0212 FE       		.byte	0xfe
 378 0213 82       		.byte	0x82
 379 0214 82       		.byte	0x82
 380 0215 82       		.byte	0x82
 381 0216 82       		.byte	0x82
 382 0217 7C       		.byte	0x7c
 383 0218 00       		.byte	0
 384 0219 00       		.byte	0
 385 021a FE       		.byte	0xfe
 386 021b 92       		.byte	0x92
 387 021c 92       		.byte	0x92
 388 021d 92       		.byte	0x92
 389 021e 92       		.byte	0x92
 390 021f 92       		.byte	0x92
 391 0220 00       		.byte	0
 392 0221 00       		.byte	0
 393 0222 FE       		.byte	0xfe
 394 0223 12       		.byte	0x12
 395 0224 12       		.byte	0x12
 396 0225 12       		.byte	0x12
 397 0226 12       		.byte	0x12
 398 0227 12       		.byte	0x12
 399 0228 00       		.byte	0
 400 0229 00       		.byte	0
 401 022a 7C       		.byte	0x7c
 402 022b 82       		.byte	0x82
 403 022c 92       		.byte	0x92
 404 022d 92       		.byte	0x92
 405 022e 92       		.byte	0x92
 406 022f 74       		.byte	0x74
 407 0230 00       		.byte	0
 408 0231 00       		.byte	0
 409 0232 FE       		.byte	0xfe
 410 0233 10       		.byte	0x10
 411 0234 10       		.byte	0x10
 412 0235 10       		.byte	0x10
 413 0236 10       		.byte	0x10
 414 0237 FE       		.byte	0xfe
 415 0238 00       		.byte	0
 416 0239 00       		.byte	0
 417 023a 82       		.byte	0x82
 418 023b 82       		.byte	0x82
 419 023c FE       		.byte	0xfe
 420 023d FE       		.byte	0xfe
 421 023e 82       		.byte	0x82
 422 023f 82       		.byte	0x82
 423 0240 00       		.byte	0
 424 0241 00       		.byte	0
 425 0242 70       		.byte	0x70
 426 0243 80       		.byte	0x80
 427 0244 80       		.byte	0x80
 428 0245 80       		.byte	0x80
 429 0246 80       		.byte	0x80
 430 0247 7E       		.byte	0x7e
ARM GAS  C:\Users\Root\AppData\Local\Temp\cczndsul.s 			page 9


 431 0248 00       		.byte	0
 432 0249 00       		.byte	0
 433 024a FE       		.byte	0xfe
 434 024b 10       		.byte	0x10
 435 024c 10       		.byte	0x10
 436 024d 28       		.byte	0x28
 437 024e 44       		.byte	0x44
 438 024f 82       		.byte	0x82
 439 0250 00       		.byte	0
 440 0251 00       		.byte	0
 441 0252 FE       		.byte	0xfe
 442 0253 80       		.byte	0x80
 443 0254 80       		.byte	0x80
 444 0255 80       		.byte	0x80
 445 0256 80       		.byte	0x80
 446 0257 80       		.byte	0x80
 447 0258 00       		.byte	0
 448 0259 00       		.byte	0
 449 025a FE       		.byte	0xfe
 450 025b 04       		.byte	0x4
 451 025c 08       		.byte	0x8
 452 025d 08       		.byte	0x8
 453 025e 04       		.byte	0x4
 454 025f FE       		.byte	0xfe
 455 0260 00       		.byte	0
 456 0261 00       		.byte	0
 457 0262 FE       		.byte	0xfe
 458 0263 04       		.byte	0x4
 459 0264 08       		.byte	0x8
 460 0265 10       		.byte	0x10
 461 0266 20       		.byte	0x20
 462 0267 FE       		.byte	0xfe
 463 0268 00       		.byte	0
 464 0269 00       		.byte	0
 465 026a 7C       		.byte	0x7c
 466 026b 82       		.byte	0x82
 467 026c 82       		.byte	0x82
 468 026d 82       		.byte	0x82
 469 026e 82       		.byte	0x82
 470 026f 7C       		.byte	0x7c
 471 0270 00       		.byte	0
 472 0271 00       		.byte	0
 473 0272 FE       		.byte	0xfe
 474 0273 12       		.byte	0x12
 475 0274 12       		.byte	0x12
 476 0275 12       		.byte	0x12
 477 0276 12       		.byte	0x12
 478 0277 0C       		.byte	0xc
 479 0278 00       		.byte	0
 480 0279 00       		.byte	0
 481 027a 7F       		.byte	0x7f
 482 027b 45       		.byte	0x45
 483 027c 49       		.byte	0x49
 484 027d 51       		.byte	0x51
 485 027e 61       		.byte	0x61
 486 027f 7E       		.byte	0x7e
 487 0280 80       		.byte	0x80
ARM GAS  C:\Users\Root\AppData\Local\Temp\cczndsul.s 			page 10


 488 0281 00       		.byte	0
 489 0282 FE       		.byte	0xfe
 490 0283 12       		.byte	0x12
 491 0284 12       		.byte	0x12
 492 0285 12       		.byte	0x12
 493 0286 32       		.byte	0x32
 494 0287 DC       		.byte	0xdc
 495 0288 00       		.byte	0
 496 0289 00       		.byte	0
 497 028a 4C       		.byte	0x4c
 498 028b 92       		.byte	0x92
 499 028c 92       		.byte	0x92
 500 028d 92       		.byte	0x92
 501 028e 92       		.byte	0x92
 502 028f 60       		.byte	0x60
 503 0290 00       		.byte	0
 504 0291 00       		.byte	0
 505 0292 02       		.byte	0x2
 506 0293 02       		.byte	0x2
 507 0294 FE       		.byte	0xfe
 508 0295 FE       		.byte	0xfe
 509 0296 02       		.byte	0x2
 510 0297 02       		.byte	0x2
 511 0298 00       		.byte	0
 512 0299 00       		.byte	0
 513 029a 7E       		.byte	0x7e
 514 029b 80       		.byte	0x80
 515 029c 80       		.byte	0x80
 516 029d 80       		.byte	0x80
 517 029e 80       		.byte	0x80
 518 029f 7E       		.byte	0x7e
 519 02a0 00       		.byte	0
 520 02a1 00       		.byte	0
 521 02a2 3E       		.byte	0x3e
 522 02a3 40       		.byte	0x40
 523 02a4 80       		.byte	0x80
 524 02a5 80       		.byte	0x80
 525 02a6 40       		.byte	0x40
 526 02a7 3E       		.byte	0x3e
 527 02a8 00       		.byte	0
 528 02a9 00       		.byte	0
 529 02aa FE       		.byte	0xfe
 530 02ab 40       		.byte	0x40
 531 02ac 20       		.byte	0x20
 532 02ad 20       		.byte	0x20
 533 02ae 40       		.byte	0x40
 534 02af FE       		.byte	0xfe
 535 02b0 00       		.byte	0
 536 02b1 80       		.byte	0x80
 537 02b2 42       		.byte	0x42
 538 02b3 24       		.byte	0x24
 539 02b4 18       		.byte	0x18
 540 02b5 18       		.byte	0x18
 541 02b6 24       		.byte	0x24
 542 02b7 42       		.byte	0x42
 543 02b8 80       		.byte	0x80
 544 02b9 00       		.byte	0
ARM GAS  C:\Users\Root\AppData\Local\Temp\cczndsul.s 			page 11


 545 02ba 0E       		.byte	0xe
 546 02bb 10       		.byte	0x10
 547 02bc E0       		.byte	0xe0
 548 02bd E0       		.byte	0xe0
 549 02be 10       		.byte	0x10
 550 02bf 0E       		.byte	0xe
 551 02c0 00       		.byte	0
 552 02c1 00       		.byte	0
 553 02c2 C2       		.byte	0xc2
 554 02c3 E2       		.byte	0xe2
 555 02c4 A2       		.byte	0xa2
 556 02c5 92       		.byte	0x92
 557 02c6 8E       		.byte	0x8e
 558 02c7 86       		.byte	0x86
 559 02c8 00       		.byte	0
 560 02c9 00       		.byte	0
 561 02ca 00       		.byte	0
 562 02cb 00       		.byte	0
 563 02cc BE       		.byte	0xbe
 564 02cd BE       		.byte	0xbe
 565 02ce 00       		.byte	0
 566 02cf 00       		.byte	0
 567 02d0 00       		.byte	0
 568 02d1 00       		.byte	0
 569 02d2 00       		.byte	0
 570 02d3 00       		.byte	0
 571 02d4 C0       		.byte	0xc0
 572 02d5 C0       		.byte	0xc0
 573 02d6 00       		.byte	0
 574 02d7 00       		.byte	0
 575 02d8 00       		.byte	0
 576 02d9 00       		.byte	0
 577 02da 00       		.byte	0
 578 02db 00       		.byte	0
 579 02dc 66       		.byte	0x66
 580 02dd 66       		.byte	0x66
 581 02de 00       		.byte	0
 582 02df 00       		.byte	0
 583 02e0 00       		.byte	0
 584 02e1 00       		.byte	0
 585 02e2 00       		.byte	0
 586 02e3 00       		.byte	0
 587 02e4 7C       		.byte	0x7c
 588 02e5 82       		.byte	0x82
 589 02e6 00       		.byte	0
 590 02e7 00       		.byte	0
 591 02e8 00       		.byte	0
 592 02e9 00       		.byte	0
 593 02ea 00       		.byte	0
 594 02eb 00       		.byte	0
 595 02ec 00       		.byte	0
 596 02ed 82       		.byte	0x82
 597 02ee 7C       		.byte	0x7c
 598 02ef 00       		.byte	0
 599 02f0 00       		.byte	0
 600 02f1 00       		.byte	0
 601 02f2 86       		.byte	0x86
ARM GAS  C:\Users\Root\AppData\Local\Temp\cczndsul.s 			page 12


 602 02f3 46       		.byte	0x46
 603 02f4 20       		.byte	0x20
 604 02f5 10       		.byte	0x10
 605 02f6 CC       		.byte	0xcc
 606 02f7 C2       		.byte	0xc2
 607 02f8 00       		.byte	0
 608 02f9 00       		.byte	0
 609 02fa 4C       		.byte	0x4c
 610 02fb 54       		.byte	0x54
 611 02fc D6       		.byte	0xd6
 612 02fd D6       		.byte	0xd6
 613 02fe 54       		.byte	0x54
 614 02ff 74       		.byte	0x74
 615 0300 00       		.byte	0
 616 0301 00       		.byte	0
 617 0302 18       		.byte	0x18
 618 0303 18       		.byte	0x18
 619 0304 7E       		.byte	0x7e
 620 0305 7E       		.byte	0x7e
 621 0306 18       		.byte	0x18
 622 0307 18       		.byte	0x18
 623 0308 00       		.byte	0
 624 0309 00       		.byte	0
 625 030a 18       		.byte	0x18
 626 030b 18       		.byte	0x18
 627 030c 18       		.byte	0x18
 628 030d 18       		.byte	0x18
 629 030e 18       		.byte	0x18
 630 030f 18       		.byte	0x18
 631 0310 00       		.byte	0
 632 0311 00       		.byte	0
 633 0312 28       		.byte	0x28
 634 0313 28       		.byte	0x28
 635 0314 28       		.byte	0x28
 636 0315 28       		.byte	0x28
 637 0316 28       		.byte	0x28
 638 0317 28       		.byte	0x28
 639 0318 00       		.byte	0
 640 0319 00       		.byte	0
 641 031a 04       		.byte	0x4
 642 031b 02       		.byte	0x2
 643 031c 02       		.byte	0x2
 644 031d A2       		.byte	0xa2
 645 031e 12       		.byte	0x12
 646 031f 1C       		.byte	0x1c
 647 0320 00       		.byte	0
 648 0321 00       		.byte	0
 649 0322 FE       		.byte	0xfe
 650 0323 82       		.byte	0x82
 651 0324 82       		.byte	0x82
 652 0325 82       		.byte	0x82
 653 0326 82       		.byte	0x82
 654 0327 FE       		.byte	0xfe
 655 0328 00       		.byte	0
 656 0329 00       		.byte	0
 657 032a 00       		.byte	0
 658 032b 04       		.byte	0x4
ARM GAS  C:\Users\Root\AppData\Local\Temp\cczndsul.s 			page 13


 659 032c FE       		.byte	0xfe
 660 032d FE       		.byte	0xfe
 661 032e 00       		.byte	0
 662 032f 00       		.byte	0
 663 0330 00       		.byte	0
 664 0331 00       		.byte	0
 665 0332 F2       		.byte	0xf2
 666 0333 92       		.byte	0x92
 667 0334 92       		.byte	0x92
 668 0335 92       		.byte	0x92
 669 0336 92       		.byte	0x92
 670 0337 9E       		.byte	0x9e
 671 0338 00       		.byte	0
 672 0339 00       		.byte	0
 673 033a 92       		.byte	0x92
 674 033b 92       		.byte	0x92
 675 033c 92       		.byte	0x92
 676 033d 92       		.byte	0x92
 677 033e 92       		.byte	0x92
 678 033f FE       		.byte	0xfe
 679 0340 00       		.byte	0
 680 0341 00       		.byte	0
 681 0342 1E       		.byte	0x1e
 682 0343 10       		.byte	0x10
 683 0344 10       		.byte	0x10
 684 0345 10       		.byte	0x10
 685 0346 10       		.byte	0x10
 686 0347 FE       		.byte	0xfe
 687 0348 00       		.byte	0
 688 0349 00       		.byte	0
 689 034a 9E       		.byte	0x9e
 690 034b 92       		.byte	0x92
 691 034c 92       		.byte	0x92
 692 034d 92       		.byte	0x92
 693 034e 92       		.byte	0x92
 694 034f F2       		.byte	0xf2
 695 0350 00       		.byte	0
 696 0351 00       		.byte	0
 697 0352 FE       		.byte	0xfe
 698 0353 92       		.byte	0x92
 699 0354 92       		.byte	0x92
 700 0355 92       		.byte	0x92
 701 0356 92       		.byte	0x92
 702 0357 F2       		.byte	0xf2
 703 0358 00       		.byte	0
 704 0359 00       		.byte	0
 705 035a 02       		.byte	0x2
 706 035b 02       		.byte	0x2
 707 035c 02       		.byte	0x2
 708 035d F2       		.byte	0xf2
 709 035e 1A       		.byte	0x1a
 710 035f 0E       		.byte	0xe
 711 0360 00       		.byte	0
 712 0361 00       		.byte	0
 713 0362 FE       		.byte	0xfe
 714 0363 92       		.byte	0x92
 715 0364 92       		.byte	0x92
ARM GAS  C:\Users\Root\AppData\Local\Temp\cczndsul.s 			page 14


 716 0365 92       		.byte	0x92
 717 0366 92       		.byte	0x92
 718 0367 FE       		.byte	0xfe
 719 0368 00       		.byte	0
 720 0369 00       		.byte	0
 721 036a 9E       		.byte	0x9e
 722 036b 92       		.byte	0x92
 723 036c 92       		.byte	0x92
 724 036d 92       		.byte	0x92
 725 036e 92       		.byte	0x92
 726 036f FE       		.byte	0xfe
 727 0370 00       		.byte	0
 728 0371 00       		.byte	0
 729 0372 00       		.byte	0
 730 0373 00       		.byte	0
 731 0374 00       		.byte	0
 732 0375 00       		.byte	0
 733 0376 00       		.byte	0
 734 0377 00       		.byte	0
 735 0378 00       		.byte	0
 736 0379 12       		.uleb128 0x12
 737 037a DB020000 		.4byte	.LASF26
 738 037e DB020000 		.4byte	.LASF26
 739 0382 04       		.byte	0x4
 740 0383 15       		.byte	0x15
 741 0384 12       		.uleb128 0x12
 742 0385 5C020000 		.4byte	.LASF27
 743 0389 5C020000 		.4byte	.LASF27
 744 038d 04       		.byte	0x4
 745 038e 27       		.byte	0x27
 746 038f 12       		.uleb128 0x12
 747 0390 67010000 		.4byte	.LASF28
 748 0394 67010000 		.4byte	.LASF28
 749 0398 04       		.byte	0x4
 750 0399 14       		.byte	0x14
 751 039a 12       		.uleb128 0x12
 752 039b D3000000 		.4byte	.LASF29
 753 039f D3000000 		.4byte	.LASF29
 754 03a3 04       		.byte	0x4
 755 03a4 16       		.byte	0x16
 756 03a5 12       		.uleb128 0x12
 757 03a6 26000000 		.4byte	.LASF30
 758 03aa 26000000 		.4byte	.LASF30
 759 03ae 04       		.byte	0x4
 760 03af 25       		.byte	0x25
 761 03b0 12       		.uleb128 0x12
 762 03b1 0F010000 		.4byte	.LASF31
 763 03b5 0F010000 		.4byte	.LASF31
 764 03b9 04       		.byte	0x4
 765 03ba 32       		.byte	0x32
 766 03bb 12       		.uleb128 0x12
 767 03bc 33020000 		.4byte	.LASF32
 768 03c0 33020000 		.4byte	.LASF32
 769 03c4 04       		.byte	0x4
 770 03c5 38       		.byte	0x38
 771 03c6 12       		.uleb128 0x12
 772 03c7 90020000 		.4byte	.LASF33
ARM GAS  C:\Users\Root\AppData\Local\Temp\cczndsul.s 			page 15


 773 03cb 90020000 		.4byte	.LASF33
 774 03cf 04       		.byte	0x4
 775 03d0 39       		.byte	0x39
 776 03d1 00       		.byte	0
 777              		.section	.debug_abbrev,"",%progbits
 778              	.Ldebug_abbrev0:
 779 0000 01       		.uleb128 0x1
 780 0001 11       		.uleb128 0x11
 781 0002 01       		.byte	0x1
 782 0003 25       		.uleb128 0x25
 783 0004 0E       		.uleb128 0xe
 784 0005 13       		.uleb128 0x13
 785 0006 0B       		.uleb128 0xb
 786 0007 03       		.uleb128 0x3
 787 0008 0E       		.uleb128 0xe
 788 0009 1B       		.uleb128 0x1b
 789 000a 0E       		.uleb128 0xe
 790 000b 55       		.uleb128 0x55
 791 000c 17       		.uleb128 0x17
 792 000d 11       		.uleb128 0x11
 793 000e 01       		.uleb128 0x1
 794 000f 10       		.uleb128 0x10
 795 0010 17       		.uleb128 0x17
 796 0011 00       		.byte	0
 797 0012 00       		.byte	0
 798 0013 02       		.uleb128 0x2
 799 0014 24       		.uleb128 0x24
 800 0015 00       		.byte	0
 801 0016 0B       		.uleb128 0xb
 802 0017 0B       		.uleb128 0xb
 803 0018 3E       		.uleb128 0x3e
 804 0019 0B       		.uleb128 0xb
 805 001a 03       		.uleb128 0x3
 806 001b 0E       		.uleb128 0xe
 807 001c 00       		.byte	0
 808 001d 00       		.byte	0
 809 001e 03       		.uleb128 0x3
 810 001f 16       		.uleb128 0x16
 811 0020 00       		.byte	0
 812 0021 03       		.uleb128 0x3
 813 0022 0E       		.uleb128 0xe
 814 0023 3A       		.uleb128 0x3a
 815 0024 0B       		.uleb128 0xb
 816 0025 3B       		.uleb128 0x3b
 817 0026 0B       		.uleb128 0xb
 818 0027 49       		.uleb128 0x49
 819 0028 13       		.uleb128 0x13
 820 0029 00       		.byte	0
 821 002a 00       		.byte	0
 822 002b 04       		.uleb128 0x4
 823 002c 24       		.uleb128 0x24
 824 002d 00       		.byte	0
 825 002e 0B       		.uleb128 0xb
 826 002f 0B       		.uleb128 0xb
 827 0030 3E       		.uleb128 0x3e
 828 0031 0B       		.uleb128 0xb
 829 0032 03       		.uleb128 0x3
ARM GAS  C:\Users\Root\AppData\Local\Temp\cczndsul.s 			page 16


 830 0033 08       		.uleb128 0x8
 831 0034 00       		.byte	0
 832 0035 00       		.byte	0
 833 0036 05       		.uleb128 0x5
 834 0037 13       		.uleb128 0x13
 835 0038 01       		.byte	0x1
 836 0039 03       		.uleb128 0x3
 837 003a 0E       		.uleb128 0xe
 838 003b 0B       		.uleb128 0xb
 839 003c 0B       		.uleb128 0xb
 840 003d 3A       		.uleb128 0x3a
 841 003e 0B       		.uleb128 0xb
 842 003f 3B       		.uleb128 0x3b
 843 0040 0B       		.uleb128 0xb
 844 0041 01       		.uleb128 0x1
 845 0042 13       		.uleb128 0x13
 846 0043 00       		.byte	0
 847 0044 00       		.byte	0
 848 0045 06       		.uleb128 0x6
 849 0046 0D       		.uleb128 0xd
 850 0047 00       		.byte	0
 851 0048 03       		.uleb128 0x3
 852 0049 0E       		.uleb128 0xe
 853 004a 3A       		.uleb128 0x3a
 854 004b 0B       		.uleb128 0xb
 855 004c 3B       		.uleb128 0x3b
 856 004d 0B       		.uleb128 0xb
 857 004e 49       		.uleb128 0x49
 858 004f 13       		.uleb128 0x13
 859 0050 38       		.uleb128 0x38
 860 0051 0B       		.uleb128 0xb
 861 0052 00       		.byte	0
 862 0053 00       		.byte	0
 863 0054 07       		.uleb128 0x7
 864 0055 2E       		.uleb128 0x2e
 865 0056 01       		.byte	0x1
 866 0057 3F       		.uleb128 0x3f
 867 0058 19       		.uleb128 0x19
 868 0059 03       		.uleb128 0x3
 869 005a 0E       		.uleb128 0xe
 870 005b 3A       		.uleb128 0x3a
 871 005c 0B       		.uleb128 0xb
 872 005d 3B       		.uleb128 0x3b
 873 005e 0B       		.uleb128 0xb
 874 005f 27       		.uleb128 0x27
 875 0060 19       		.uleb128 0x19
 876 0061 49       		.uleb128 0x49
 877 0062 13       		.uleb128 0x13
 878 0063 8701     		.uleb128 0x87
 879 0065 19       		.uleb128 0x19
 880 0066 11       		.uleb128 0x11
 881 0067 01       		.uleb128 0x1
 882 0068 12       		.uleb128 0x12
 883 0069 06       		.uleb128 0x6
 884 006a 40       		.uleb128 0x40
 885 006b 18       		.uleb128 0x18
 886 006c 9742     		.uleb128 0x2117
ARM GAS  C:\Users\Root\AppData\Local\Temp\cczndsul.s 			page 17


 887 006e 19       		.uleb128 0x19
 888 006f 01       		.uleb128 0x1
 889 0070 13       		.uleb128 0x13
 890 0071 00       		.byte	0
 891 0072 00       		.byte	0
 892 0073 08       		.uleb128 0x8
 893 0074 34       		.uleb128 0x34
 894 0075 00       		.byte	0
 895 0076 03       		.uleb128 0x3
 896 0077 0E       		.uleb128 0xe
 897 0078 3A       		.uleb128 0x3a
 898 0079 0B       		.uleb128 0xb
 899 007a 3B       		.uleb128 0x3b
 900 007b 0B       		.uleb128 0xb
 901 007c 49       		.uleb128 0x49
 902 007d 13       		.uleb128 0x13
 903 007e 02       		.uleb128 0x2
 904 007f 18       		.uleb128 0x18
 905 0080 00       		.byte	0
 906 0081 00       		.byte	0
 907 0082 09       		.uleb128 0x9
 908 0083 898201   		.uleb128 0x4109
 909 0086 00       		.byte	0
 910 0087 11       		.uleb128 0x11
 911 0088 01       		.uleb128 0x1
 912 0089 31       		.uleb128 0x31
 913 008a 13       		.uleb128 0x13
 914 008b 00       		.byte	0
 915 008c 00       		.byte	0
 916 008d 0A       		.uleb128 0xa
 917 008e 898201   		.uleb128 0x4109
 918 0091 01       		.byte	0x1
 919 0092 11       		.uleb128 0x11
 920 0093 01       		.uleb128 0x1
 921 0094 31       		.uleb128 0x31
 922 0095 13       		.uleb128 0x13
 923 0096 01       		.uleb128 0x1
 924 0097 13       		.uleb128 0x13
 925 0098 00       		.byte	0
 926 0099 00       		.byte	0
 927 009a 0B       		.uleb128 0xb
 928 009b 8A8201   		.uleb128 0x410a
 929 009e 00       		.byte	0
 930 009f 02       		.uleb128 0x2
 931 00a0 18       		.uleb128 0x18
 932 00a1 9142     		.uleb128 0x2111
 933 00a3 18       		.uleb128 0x18
 934 00a4 00       		.byte	0
 935 00a5 00       		.byte	0
 936 00a6 0C       		.uleb128 0xc
 937 00a7 898201   		.uleb128 0x4109
 938 00aa 01       		.byte	0x1
 939 00ab 11       		.uleb128 0x11
 940 00ac 01       		.uleb128 0x1
 941 00ad 31       		.uleb128 0x31
 942 00ae 13       		.uleb128 0x13
 943 00af 00       		.byte	0
ARM GAS  C:\Users\Root\AppData\Local\Temp\cczndsul.s 			page 18


 944 00b0 00       		.byte	0
 945 00b1 0D       		.uleb128 0xd
 946 00b2 01       		.uleb128 0x1
 947 00b3 01       		.byte	0x1
 948 00b4 49       		.uleb128 0x49
 949 00b5 13       		.uleb128 0x13
 950 00b6 01       		.uleb128 0x1
 951 00b7 13       		.uleb128 0x13
 952 00b8 00       		.byte	0
 953 00b9 00       		.byte	0
 954 00ba 0E       		.uleb128 0xe
 955 00bb 21       		.uleb128 0x21
 956 00bc 00       		.byte	0
 957 00bd 49       		.uleb128 0x49
 958 00be 13       		.uleb128 0x13
 959 00bf 2F       		.uleb128 0x2f
 960 00c0 0D       		.uleb128 0xd
 961 00c1 00       		.byte	0
 962 00c2 00       		.byte	0
 963 00c3 0F       		.uleb128 0xf
 964 00c4 34       		.uleb128 0x34
 965 00c5 00       		.byte	0
 966 00c6 03       		.uleb128 0x3
 967 00c7 0E       		.uleb128 0xe
 968 00c8 3A       		.uleb128 0x3a
 969 00c9 0B       		.uleb128 0xb
 970 00ca 3B       		.uleb128 0x3b
 971 00cb 0B       		.uleb128 0xb
 972 00cc 49       		.uleb128 0x49
 973 00cd 13       		.uleb128 0x13
 974 00ce 00       		.byte	0
 975 00cf 00       		.byte	0
 976 00d0 10       		.uleb128 0x10
 977 00d1 21       		.uleb128 0x21
 978 00d2 00       		.byte	0
 979 00d3 49       		.uleb128 0x49
 980 00d4 13       		.uleb128 0x13
 981 00d5 2F       		.uleb128 0x2f
 982 00d6 05       		.uleb128 0x5
 983 00d7 00       		.byte	0
 984 00d8 00       		.byte	0
 985 00d9 11       		.uleb128 0x11
 986 00da 34       		.uleb128 0x34
 987 00db 00       		.byte	0
 988 00dc 03       		.uleb128 0x3
 989 00dd 0E       		.uleb128 0xe
 990 00de 3A       		.uleb128 0x3a
 991 00df 0B       		.uleb128 0xb
 992 00e0 3B       		.uleb128 0x3b
 993 00e1 0B       		.uleb128 0xb
 994 00e2 49       		.uleb128 0x49
 995 00e3 13       		.uleb128 0x13
 996 00e4 1C       		.uleb128 0x1c
 997 00e5 03       		.uleb128 0x3
 998 00e6 00       		.byte	0
 999 00e7 00       		.byte	0
 1000 00e8 12       		.uleb128 0x12
ARM GAS  C:\Users\Root\AppData\Local\Temp\cczndsul.s 			page 19


 1001 00e9 2E       		.uleb128 0x2e
 1002 00ea 00       		.byte	0
 1003 00eb 3F       		.uleb128 0x3f
 1004 00ec 19       		.uleb128 0x19
 1005 00ed 3C       		.uleb128 0x3c
 1006 00ee 19       		.uleb128 0x19
 1007 00ef 6E       		.uleb128 0x6e
 1008 00f0 0E       		.uleb128 0xe
 1009 00f1 03       		.uleb128 0x3
 1010 00f2 0E       		.uleb128 0xe
 1011 00f3 3A       		.uleb128 0x3a
 1012 00f4 0B       		.uleb128 0xb
 1013 00f5 3B       		.uleb128 0x3b
 1014 00f6 0B       		.uleb128 0xb
 1015 00f7 00       		.byte	0
 1016 00f8 00       		.byte	0
 1017 00f9 00       		.byte	0
 1018              		.section	.debug_aranges,"",%progbits
 1019 0000 1C000000 		.4byte	0x1c
 1020 0004 0200     		.2byte	0x2
 1021 0006 00000000 		.4byte	.Ldebug_info0
 1022 000a 04       		.byte	0x4
 1023 000b 00       		.byte	0
 1024 000c 0000     		.2byte	0
 1025 000e 0000     		.2byte	0
 1026 0010 00000000 		.4byte	.LFB35
 1027 0014 3C000000 		.4byte	.LFE35-.LFB35
 1028 0018 00000000 		.4byte	0
 1029 001c 00000000 		.4byte	0
 1030              		.section	.debug_ranges,"",%progbits
 1031              	.Ldebug_ranges0:
 1032 0000 00000000 		.4byte	.LFB35
 1033 0004 3C000000 		.4byte	.LFE35
 1034 0008 00000000 		.4byte	0
 1035 000c 00000000 		.4byte	0
 1036              		.section	.debug_line,"",%progbits
 1037              	.Ldebug_line0:
 1038 0000 6F010000 		.section	.debug_str,"MS",%progbits,1
 1038      02005101 
 1038      00000201 
 1038      FB0E0D00 
 1038      01010101 
 1039              	.LASF39:
 1040 0000 4F4C4544 		.ascii	"OLED_SSD1306_1_screenmemory\000"
 1040      5F535344 
 1040      31333036 
 1040      5F315F73 
 1040      63726565 
 1041              	.LASF9:
 1042 001c 5F5F7569 		.ascii	"__uint8_t\000"
 1042      6E74385F 
 1042      7400
 1043              	.LASF30:
 1044 0026 4F4C4544 		.ascii	"OLED_SSD1306_1_OLED_config\000"
 1044      5F535344 
 1044      31333036 
 1044      5F315F4F 
ARM GAS  C:\Users\Root\AppData\Local\Temp\cczndsul.s 			page 20


 1044      4C45445F 
 1045              	.LASF16:
 1046 0041 7365676D 		.ascii	"segment_remap\000"
 1046      656E745F 
 1046      72656D61 
 1046      7000
 1047              	.LASF15:
 1048 004f 73746172 		.ascii	"start_line\000"
 1048      745F6C69 
 1048      6E6500
 1049              	.LASF17:
 1050 005a 7363616E 		.ascii	"scan_direction\000"
 1050      5F646972 
 1050      65637469 
 1050      6F6E00
 1051              	.LASF25:
 1052 0069 4F4C4544 		.ascii	"OLED_SSD1306_1_Oled_characters\000"
 1052      5F535344 
 1052      31333036 
 1052      5F315F4F 
 1052      6C65645F 
 1053              	.LASF19:
 1054 0088 636F6E74 		.ascii	"contrast\000"
 1054      72617374 
 1054      00
 1055              	.LASF11:
 1056 0091 666C6F61 		.ascii	"float\000"
 1056      7400
 1057              	.LASF1:
 1058 0097 756E7369 		.ascii	"unsigned char\000"
 1058      676E6564 
 1058      20636861 
 1058      7200
 1059              	.LASF5:
 1060 00a5 6C6F6E67 		.ascii	"long unsigned int\000"
 1060      20756E73 
 1060      69676E65 
 1060      6420696E 
 1060      7400
 1061              	.LASF3:
 1062 00b7 73686F72 		.ascii	"short unsigned int\000"
 1062      7420756E 
 1062      7369676E 
 1062      65642069 
 1062      6E7400
 1063              	.LASF18:
 1064 00ca 636F6D5F 		.ascii	"com_pins\000"
 1064      70696E73 
 1064      00
 1065              	.LASF29:
 1066 00d3 4F4C4544 		.ascii	"OLED_SSD1306_1_OLED_toggle_Reset\000"
 1066      5F535344 
 1066      31333036 
 1066      5F315F4F 
 1066      4C45445F 
 1067              	.LASF12:
 1068 00f4 646F7562 		.ascii	"double\000"
ARM GAS  C:\Users\Root\AppData\Local\Temp\cczndsul.s 			page 21


 1068      6C6500
 1069              	.LASF23:
 1070 00fb 7373697A 		.ascii	"ssizetype\000"
 1070      65747970 
 1070      6500
 1071              	.LASF2:
 1072 0105 73686F72 		.ascii	"short int\000"
 1072      7420696E 
 1072      7400
 1073              	.LASF31:
 1074 010f 4F4C4544 		.ascii	"OLED_SSD1306_1_OLED_set_addr_mode\000"
 1074      5F535344 
 1074      31333036 
 1074      5F315F4F 
 1074      4C45445F 
 1075              	.LASF38:
 1076 0131 6D61696E 		.ascii	"main\000"
 1076      00
 1077              	.LASF8:
 1078 0136 756E7369 		.ascii	"unsigned int\000"
 1078      676E6564 
 1078      20696E74 
 1078      00
 1079              	.LASF7:
 1080 0143 6C6F6E67 		.ascii	"long long unsigned int\000"
 1080      206C6F6E 
 1080      6720756E 
 1080      7369676E 
 1080      65642069 
 1081              	.LASF10:
 1082 015a 75696E74 		.ascii	"uint8_t\000"
 1082      385F7400 
 1083              	.LASF20:
 1084 0162 6D6F6465 		.ascii	"mode\000"
 1084      00
 1085              	.LASF28:
 1086 0167 4F4C4544 		.ascii	"OLED_SSD1306_1_OLED_mode_select\000"
 1086      5F535344 
 1086      31333036 
 1086      5F315F4F 
 1086      4C45445F 
 1087              	.LASF34:
 1088 0187 474E5520 		.ascii	"GNU C11 5.4.1 20160609 (release) [ARM/embedded-5-br"
 1088      43313120 
 1088      352E342E 
 1088      31203230 
 1088      31363036 
 1089 01ba 616E6368 		.ascii	"anch revision 237715] -mcpu=cortex-m0 -mthumb -g -O"
 1089      20726576 
 1089      6973696F 
 1089      6E203233 
 1089      37373135 
 1090 01ed 67202D66 		.ascii	"g -ffunction-sections -ffat-lto-objects\000"
 1090      66756E63 
 1090      74696F6E 
 1090      2D736563 
 1090      74696F6E 
ARM GAS  C:\Users\Root\AppData\Local\Temp\cczndsul.s 			page 22


 1091              	.LASF22:
 1092 0215 73697A65 		.ascii	"sizetype\000"
 1092      74797065 
 1092      00
 1093              	.LASF6:
 1094 021e 6C6F6E67 		.ascii	"long long int\000"
 1094      206C6F6E 
 1094      6720696E 
 1094      7400
 1095              	.LASF35:
 1096 022c 6D61696E 		.ascii	"main.c\000"
 1096      2E6300
 1097              	.LASF32:
 1098 0233 4F4C4544 		.ascii	"OLED_SSD1306_1_OLED_clear_display\000"
 1098      5F535344 
 1098      31333036 
 1098      5F315F4F 
 1098      4C45445F 
 1099              	.LASF14:
 1100 0255 6F666673 		.ascii	"offset\000"
 1100      657400
 1101              	.LASF27:
 1102 025c 4F4C4544 		.ascii	"OLED_SSD1306_1_OLED_create_default_config\000"
 1102      5F535344 
 1102      31333036 
 1102      5F315F4F 
 1102      4C45445F 
 1103              	.LASF24:
 1104 0286 6D795F63 		.ascii	"my_config\000"
 1104      6F6E6669 
 1104      6700
 1105              	.LASF33:
 1106 0290 4F4C4544 		.ascii	"OLED_SSD1306_1_OLED_write_characters\000"
 1106      5F535344 
 1106      31333036 
 1106      5F315F4F 
 1106      4C45445F 
 1107              	.LASF4:
 1108 02b5 6C6F6E67 		.ascii	"long int\000"
 1108      20696E74 
 1108      00
 1109              	.LASF13:
 1110 02be 63686172 		.ascii	"char\000"
 1110      00
 1111              	.LASF21:
 1112 02c3 6C6F6E67 		.ascii	"long double\000"
 1112      20646F75 
 1112      626C6500 
 1113              	.LASF0:
 1114 02cf 7369676E 		.ascii	"signed char\000"
 1114      65642063 
 1114      68617200 
 1115              	.LASF26:
 1116 02db 4F4C4544 		.ascii	"OLED_SSD1306_1_OLED_Start\000"
 1116      5F535344 
 1116      31333036 
 1116      5F315F4F 
ARM GAS  C:\Users\Root\AppData\Local\Temp\cczndsul.s 			page 23


 1116      4C45445F 
 1117              	.LASF37:
 1118 02f5 4F4C4544 		.ascii	"OLED_SSD1306_1_OLED_Configuration\000"
 1118      5F535344 
 1118      31333036 
 1118      5F315F4F 
 1118      4C45445F 
 1119              	.LASF36:
 1120 0317 433A5C55 		.ascii	"C:\\Users\\Root\\Documents\\PSoC Creator\\Workspace"
 1120      73657273 
 1120      5C526F6F 
 1120      745C446F 
 1120      63756D65 
 1121 0345 30365C6D 		.ascii	"06\\microOLED_example.cydsn\000"
 1121      6963726F 
 1121      4F4C4544 
 1121      5F657861 
 1121      6D706C65 
 1122              		.ident	"GCC: (GNU Tools for ARM Embedded Processors) 5.4.1 20160609 (release) [ARM/embedded-5-bran
