--------------- Build Started: 05/18/2019 22:49:04 Project: microOLED_example, Configuration: ARM GCC 5.4-2016-q2-update Debug ---------------
cydsfit.exe -.appdatapath "C:\Users\Root\AppData\Local\Cypress Semiconductor\PSoC Creator\4.2" -.fdsnotice -.fdswarpdepfile=warp_dependencies.txt -.fdselabdepfile=elab_dependencies.txt -.fdsbldfile=generated_files.txt -.fdsreffile=referenced_files.txt -p "C:\Users\Root\Documents\PSoC Creator\Workspace06\microOLED_example.cydsn\microOLED_example.cyprj" -d CY8C4127LQI-BL483 -s "C:\Users\Root\Documents\PSoC Creator\Workspace06\microOLED_example.cydsn\Generated_Source\PSoC4" -- -yv2 -q10 -ygs -o2 -v3 -.fftcfgtype=LE
Elaborating Design...
HDL Generation...
Synthesis...
Tech Mapping...
Analog Placement...
Analog Routing...
Analog Code Generation...
Digital Placement...
Digital Routing...
Bitstream Generation...
Bitstream Verification...
Static timing analysis...
API Generation...
Dependency Generation...
Cleanup...
arm-none-eabi-gcc.exe -mcpu=cortex-m0 -mthumb -I. -IGenerated_Source\PSoC4 -Wa,-alh=.\CortexM0\ARM_GCC_541\Debug/main.lst -g -D DEBUG -D CY_CORE_ID=0 -Wall -ffunction-sections -ffat-lto-objects -Og -c main.c -o .\CortexM0\ARM_GCC_541\Debug\main.o
In file included from Generated_Source\PSoC4/project.h:21:0,
                 from main.c:12:
Generated_Source\PSoC4/OLED_SSD1306_1_SSD1306_API.h:65:16: warning: 'OLED_SSD1306_1_screenmemory' defined but not used [-Wunused-variable]
 static uint8_t OLED_SSD1306_1_screenmemory[] = {}; //Buffer to hold data to write to display 
                ^
Generated_Source\PSoC4/OLED_SSD1306_1_SSD1306_API.h:67:16: warning: 'OLED_SSD1306_1_Oled_characters' defined but not used [-Wunused-variable]
 static uint8_t OLED_SSD1306_1_Oled_characters[] = {
                ^
arm-none-eabi-gcc.exe -mcpu=cortex-m0 -mthumb -I. -IGenerated_Source\PSoC4 -Wa,-alh=.\CortexM0\ARM_GCC_541\Debug/cyfitter_cfg.lst -g -D DEBUG -D CY_CORE_ID=0 -Wall -ffunction-sections -ffat-lto-objects -Og -c Generated_Source\PSoC4\cyfitter_cfg.c -o .\CortexM0\ARM_GCC_541\Debug\cyfitter_cfg.o
arm-none-eabi-gcc.exe -mcpu=cortex-m0 -mthumb -I. -IGenerated_Source\PSoC4 -Wa,-alh=.\CortexM0\ARM_GCC_541\Debug/OLED_SSD1306_1_SSD1306_API.lst -g -D DEBUG -D CY_CORE_ID=0 -Wall -ffunction-sections -ffat-lto-objects -Og -c Generated_Source\PSoC4\OLED_SSD1306_1_SSD1306_API.c -o .\CortexM0\ARM_GCC_541\Debug\OLED_SSD1306_1_SSD1306_API.o
Generated_Source\PSoC4\OLED_SSD1306_1_SSD1306_API.c: In function 'OLED_SSD1306_1_OLED_write_characters':
Generated_Source\PSoC4\OLED_SSD1306_1_SSD1306_API.c:860:10: warning: unused variable 'character' [-Wunused-variable]
     char character = 0; 
          ^
In file included from Generated_Source\PSoC4/project.h:21:0,
                 from Generated_Source\PSoC4\OLED_SSD1306_1_SSD1306_API.c:8:
Generated_Source\PSoC4\OLED_SSD1306_1_SSD1306_API.c: At top level:
Generated_Source\PSoC4/OLED_SSD1306_1_SSD1306_API.h:65:16: warning: 'OLED_SSD1306_1_screenmemory' defined but not used [-Wunused-variable]
 static uint8_t OLED_SSD1306_1_screenmemory[] = {}; //Buffer to hold data to write to display 
                ^
arm-none-eabi-gcc.exe -mcpu=cortex-m0 -mthumb -I. -IGenerated_Source\PSoC4 -Wa,-alh=.\CortexM0\ARM_GCC_541\Debug/OLED_SSD1306_1_OLED_ADDR_Select.lst -g -D DEBUG -D CY_CORE_ID=0 -Wall -ffunction-sections -ffat-lto-objects -Og -c Generated_Source\PSoC4\OLED_SSD1306_1_OLED_ADDR_Select.c -o .\CortexM0\ARM_GCC_541\Debug\OLED_SSD1306_1_OLED_ADDR_Select.o
arm-none-eabi-gcc.exe -mcpu=cortex-m0 -mthumb -I. -IGenerated_Source\PSoC4 -Wa,-alh=.\CortexM0\ARM_GCC_541\Debug/OLED_SSD1306_1_OLED_ADDR_Select_PM.lst -g -D DEBUG -D CY_CORE_ID=0 -Wall -ffunction-sections -ffat-lto-objects -Og -c Generated_Source\PSoC4\OLED_SSD1306_1_OLED_ADDR_Select_PM.c -o .\CortexM0\ARM_GCC_541\Debug\OLED_SSD1306_1_OLED_ADDR_Select_PM.o
arm-none-eabi-gcc.exe -mcpu=cortex-m0 -mthumb -I. -IGenerated_Source\PSoC4 -Wa,-alh=.\CortexM0\ARM_GCC_541\Debug/OLED_SSD1306_1_OLED_Reset.lst -g -D DEBUG -D CY_CORE_ID=0 -Wall -ffunction-sections -ffat-lto-objects -Og -c Generated_Source\PSoC4\OLED_SSD1306_1_OLED_Reset.c -o .\CortexM0\ARM_GCC_541\Debug\OLED_SSD1306_1_OLED_Reset.o
arm-none-eabi-gcc.exe -mcpu=cortex-m0 -mthumb -I. -IGenerated_Source\PSoC4 -Wa,-alh=.\CortexM0\ARM_GCC_541\Debug/OLED_SSD1306_1_OLED_Reset_PM.lst -g -D DEBUG -D CY_CORE_ID=0 -Wall -ffunction-sections -ffat-lto-objects -Og -c Generated_Source\PSoC4\OLED_SSD1306_1_OLED_Reset_PM.c -o .\CortexM0\ARM_GCC_541\Debug\OLED_SSD1306_1_OLED_Reset_PM.o
arm-none-eabi-gcc.exe -mcpu=cortex-m0 -mthumb -I. -IGenerated_Source\PSoC4 -Wa,-alh=.\CortexM0\ARM_GCC_541\Debug/cy_em_eeprom.lst -g -D DEBUG -D CY_CORE_ID=0 -Wall -ffunction-sections -ffat-lto-objects -Og -c Generated_Source\PSoC4\cy_em_eeprom.c -o .\CortexM0\ARM_GCC_541\Debug\cy_em_eeprom.o
arm-none-eabi-gcc.exe -mcpu=cortex-m0 -mthumb -I. -IGenerated_Source\PSoC4 -Wa,-alh=.\CortexM0\ARM_GCC_541\Debug/Cm0Start.lst -g -D DEBUG -D CY_CORE_ID=0 -Wall -ffunction-sections -ffat-lto-objects -Og -c Generated_Source\PSoC4\Cm0Start.c -o .\CortexM0\ARM_GCC_541\Debug\Cm0Start.o
arm-none-eabi-gcc.exe -mcpu=cortex-m0 -mthumb -I. -IGenerated_Source\PSoC4 -Wa,-alh=.\CortexM0\ARM_GCC_541\Debug/CyFlash.lst -g -D DEBUG -D CY_CORE_ID=0 -Wall -ffunction-sections -ffat-lto-objects -Og -c Generated_Source\PSoC4\CyFlash.c -o .\CortexM0\ARM_GCC_541\Debug\CyFlash.o
arm-none-eabi-gcc.exe -mcpu=cortex-m0 -mthumb -I. -IGenerated_Source\PSoC4 -Wa,-alh=.\CortexM0\ARM_GCC_541\Debug/CyLib.lst -g -D DEBUG -D CY_CORE_ID=0 -Wall -ffunction-sections -ffat-lto-objects -Og -c Generated_Source\PSoC4\CyLib.c -o .\CortexM0\ARM_GCC_541\Debug\CyLib.o
arm-none-eabi-gcc.exe -mcpu=cortex-m0 -mthumb -I. -IGenerated_Source\PSoC4 -Wa,-alh=.\CortexM0\ARM_GCC_541\Debug/cyPm.lst -g -D DEBUG -D CY_CORE_ID=0 -Wall -ffunction-sections -ffat-lto-objects -Og -c Generated_Source\PSoC4\cyPm.c -o .\CortexM0\ARM_GCC_541\Debug\cyPm.o
arm-none-eabi-gcc.exe -mcpu=cortex-m0 -mthumb -I. -IGenerated_Source\PSoC4 -Wa,-alh=.\CortexM0\ARM_GCC_541\Debug/cyutils.lst -g -D DEBUG -D CY_CORE_ID=0 -Wall -ffunction-sections -ffat-lto-objects -Og -c Generated_Source\PSoC4\cyutils.c -o .\CortexM0\ARM_GCC_541\Debug\cyutils.o
arm-none-eabi-gcc.exe -mcpu=cortex-m0 -mthumb -I. -IGenerated_Source\PSoC4 -Wa,-alh=.\CortexM0\ARM_GCC_541\Debug/CyLFClk.lst -g -D DEBUG -D CY_CORE_ID=0 -Wall -ffunction-sections -ffat-lto-objects -Og -c Generated_Source\PSoC4\CyLFClk.c -o .\CortexM0\ARM_GCC_541\Debug\CyLFClk.o
arm-none-eabi-gcc.exe -mcpu=cortex-m0 -mthumb -I. -IGenerated_Source\PSoC4 -Wa,-alh=.\CortexM0\ARM_GCC_541\Debug/OLED_SSD1306_1_I2C.lst -g -D DEBUG -D CY_CORE_ID=0 -Wall -ffunction-sections -ffat-lto-objects -Og -c Generated_Source\PSoC4\OLED_SSD1306_1_I2C.c -o .\CortexM0\ARM_GCC_541\Debug\OLED_SSD1306_1_I2C.o
arm-none-eabi-gcc.exe -mcpu=cortex-m0 -mthumb -I. -IGenerated_Source\PSoC4 -Wa,-alh=.\CortexM0\ARM_GCC_541\Debug/OLED_SSD1306_1_I2C_I2C_INT.lst -g -D DEBUG -D CY_CORE_ID=0 -Wall -ffunction-sections -ffat-lto-objects -Og -c Generated_Source\PSoC4\OLED_SSD1306_1_I2C_I2C_INT.c -o .\CortexM0\ARM_GCC_541\Debug\OLED_SSD1306_1_I2C_I2C_INT.o
arm-none-eabi-gcc.exe -mcpu=cortex-m0 -mthumb -I. -IGenerated_Source\PSoC4 -Wa,-alh=.\CortexM0\ARM_GCC_541\Debug/OLED_SSD1306_1_I2C_I2C.lst -g -D DEBUG -D CY_CORE_ID=0 -Wall -ffunction-sections -ffat-lto-objects -Og -c Generated_Source\PSoC4\OLED_SSD1306_1_I2C_I2C.c -o .\CortexM0\ARM_GCC_541\Debug\OLED_SSD1306_1_I2C_I2C.o
arm-none-eabi-gcc.exe -mcpu=cortex-m0 -mthumb -I. -IGenerated_Source\PSoC4 -Wa,-alh=.\CortexM0\ARM_GCC_541\Debug/OLED_SSD1306_1_I2C_I2C_BOOT.lst -g -D DEBUG -D CY_CORE_ID=0 -Wall -ffunction-sections -ffat-lto-objects -Og -c Generated_Source\PSoC4\OLED_SSD1306_1_I2C_I2C_BOOT.c -o .\CortexM0\ARM_GCC_541\Debug\OLED_SSD1306_1_I2C_I2C_BOOT.o
arm-none-eabi-gcc.exe -mcpu=cortex-m0 -mthumb -I. -IGenerated_Source\PSoC4 -Wa,-alh=.\CortexM0\ARM_GCC_541\Debug/OLED_SSD1306_1_I2C_I2C_MASTER.lst -g -D DEBUG -D CY_CORE_ID=0 -Wall -ffunction-sections -ffat-lto-objects -Og -c Generated_Source\PSoC4\OLED_SSD1306_1_I2C_I2C_MASTER.c -o .\CortexM0\ARM_GCC_541\Debug\OLED_SSD1306_1_I2C_I2C_MASTER.o
arm-none-eabi-gcc.exe -mcpu=cortex-m0 -mthumb -I. -IGenerated_Source\PSoC4 -Wa,-alh=.\CortexM0\ARM_GCC_541\Debug/OLED_SSD1306_1_I2C_PM.lst -g -D DEBUG -D CY_CORE_ID=0 -Wall -ffunction-sections -ffat-lto-objects -Og -c Generated_Source\PSoC4\OLED_SSD1306_1_I2C_PM.c -o .\CortexM0\ARM_GCC_541\Debug\OLED_SSD1306_1_I2C_PM.o
arm-none-eabi-gcc.exe -mcpu=cortex-m0 -mthumb -I. -IGenerated_Source\PSoC4 -Wa,-alh=.\CortexM0\ARM_GCC_541\Debug/OLED_SSD1306_1_I2C_BOOT.lst -g -D DEBUG -D CY_CORE_ID=0 -Wall -ffunction-sections -ffat-lto-objects -Og -c Generated_Source\PSoC4\OLED_SSD1306_1_I2C_BOOT.c -o .\CortexM0\ARM_GCC_541\Debug\OLED_SSD1306_1_I2C_BOOT.o
arm-none-eabi-gcc.exe -mcpu=cortex-m0 -mthumb -I. -IGenerated_Source\PSoC4 -Wa,-alh=.\CortexM0\ARM_GCC_541\Debug/OLED_SSD1306_1_I2C_SCBCLK.lst -g -D DEBUG -D CY_CORE_ID=0 -Wall -ffunction-sections -ffat-lto-objects -Og -c Generated_Source\PSoC4\OLED_SSD1306_1_I2C_SCBCLK.c -o .\CortexM0\ARM_GCC_541\Debug\OLED_SSD1306_1_I2C_SCBCLK.o
arm-none-eabi-gcc.exe -mcpu=cortex-m0 -mthumb -I. -IGenerated_Source\PSoC4 -Wa,-alh=.\CortexM0\ARM_GCC_541\Debug/OLED_SSD1306_1_I2C_SCB_IRQ.lst -g -D DEBUG -D CY_CORE_ID=0 -Wall -ffunction-sections -ffat-lto-objects -Og -c Generated_Source\PSoC4\OLED_SSD1306_1_I2C_SCB_IRQ.c -o .\CortexM0\ARM_GCC_541\Debug\OLED_SSD1306_1_I2C_SCB_IRQ.o
arm-none-eabi-gcc.exe -mcpu=cortex-m0 -mthumb -I. -IGenerated_Source\PSoC4 -Wa,-alh=.\CortexM0\ARM_GCC_541\Debug/OLED_SSD1306_1_I2C_sda.lst -g -D DEBUG -D CY_CORE_ID=0 -Wall -ffunction-sections -ffat-lto-objects -Og -c Generated_Source\PSoC4\OLED_SSD1306_1_I2C_sda.c -o .\CortexM0\ARM_GCC_541\Debug\OLED_SSD1306_1_I2C_sda.o
arm-none-eabi-gcc.exe -mcpu=cortex-m0 -mthumb -I. -IGenerated_Source\PSoC4 -Wa,-alh=.\CortexM0\ARM_GCC_541\Debug/OLED_SSD1306_1_I2C_sda_PM.lst -g -D DEBUG -D CY_CORE_ID=0 -Wall -ffunction-sections -ffat-lto-objects -Og -c Generated_Source\PSoC4\OLED_SSD1306_1_I2C_sda_PM.c -o .\CortexM0\ARM_GCC_541\Debug\OLED_SSD1306_1_I2C_sda_PM.o
arm-none-eabi-gcc.exe -mcpu=cortex-m0 -mthumb -I. -IGenerated_Source\PSoC4 -Wa,-alh=.\CortexM0\ARM_GCC_541\Debug/OLED_SSD1306_1_I2C_scl.lst -g -D DEBUG -D CY_CORE_ID=0 -Wall -ffunction-sections -ffat-lto-objects -Og -c Generated_Source\PSoC4\OLED_SSD1306_1_I2C_scl.c -o .\CortexM0\ARM_GCC_541\Debug\OLED_SSD1306_1_I2C_scl.o
arm-none-eabi-gcc.exe -mcpu=cortex-m0 -mthumb -I. -IGenerated_Source\PSoC4 -Wa,-alh=.\CortexM0\ARM_GCC_541\Debug/OLED_SSD1306_1_I2C_scl_PM.lst -g -D DEBUG -D CY_CORE_ID=0 -Wall -ffunction-sections -ffat-lto-objects -Og -c Generated_Source\PSoC4\OLED_SSD1306_1_I2C_scl_PM.c -o .\CortexM0\ARM_GCC_541\Debug\OLED_SSD1306_1_I2C_scl_PM.o
arm-none-eabi-as.exe -mcpu=cortex-m0 -mthumb -I. -IGenerated_Source\PSoC4 -alh=.\CortexM0\ARM_GCC_541\Debug/CyBootAsmGnu.lst -g -W -o .\CortexM0\ARM_GCC_541\Debug\CyBootAsmGnu.o Generated_Source\PSoC4\CyBootAsmGnu.s
arm-none-eabi-ar.exe -rs .\CortexM0\ARM_GCC_541\Debug\microOLED_example.a .\CortexM0\ARM_GCC_541\Debug\OLED_SSD1306_1_SSD1306_API.o .\CortexM0\ARM_GCC_541\Debug\OLED_SSD1306_1_OLED_ADDR_Select.o .\CortexM0\ARM_GCC_541\Debug\OLED_SSD1306_1_OLED_ADDR_Select_PM.o .\CortexM0\ARM_GCC_541\Debug\OLED_SSD1306_1_OLED_Reset.o .\CortexM0\ARM_GCC_541\Debug\OLED_SSD1306_1_OLED_Reset_PM.o .\CortexM0\ARM_GCC_541\Debug\cy_em_eeprom.o .\CortexM0\ARM_GCC_541\Debug\CyFlash.o .\CortexM0\ARM_GCC_541\Debug\CyLib.o .\CortexM0\ARM_GCC_541\Debug\cyPm.o .\CortexM0\ARM_GCC_541\Debug\cyutils.o .\CortexM0\ARM_GCC_541\Debug\CyLFClk.o .\CortexM0\ARM_GCC_541\Debug\OLED_SSD1306_1_I2C.o .\CortexM0\ARM_GCC_541\Debug\OLED_SSD1306_1_I2C_I2C_INT.o .\CortexM0\ARM_GCC_541\Debug\OLED_SSD1306_1_I2C_I2C.o .\CortexM0\ARM_GCC_541\Debug\OLED_SSD1306_1_I2C_I2C_BOOT.o .\CortexM0\ARM_GCC_541\Debug\OLED_SSD1306_1_I2C_I2C_MASTER.o .\CortexM0\ARM_GCC_541\Debug\OLED_SSD1306_1_I2C_PM.o .\CortexM0\ARM_GCC_541\Debug\OLED_SSD1306_1_I2C_BOOT.o .\CortexM0\ARM_GCC_541\Debug\OLED_SSD1306_1_I2C_SCBCLK.o .\CortexM0\ARM_GCC_541\Debug\OLED_SSD1306_1_I2C_SCB_IRQ.o .\CortexM0\ARM_GCC_541\Debug\OLED_SSD1306_1_I2C_sda.o .\CortexM0\ARM_GCC_541\Debug\OLED_SSD1306_1_I2C_sda_PM.o .\CortexM0\ARM_GCC_541\Debug\OLED_SSD1306_1_I2C_scl.o .\CortexM0\ARM_GCC_541\Debug\OLED_SSD1306_1_I2C_scl_PM.o .\CortexM0\ARM_GCC_541\Debug\CyBootAsmGnu.o
arm-none-eabi-ar.exe: creating .\CortexM0\ARM_GCC_541\Debug\microOLED_example.a
arm-none-eabi-gcc.exe -Wl,--start-group -o "C:\Users\Root\Documents\PSoC Creator\Workspace06\microOLED_example.cydsn\CortexM0\ARM_GCC_541\Debug\microOLED_example.elf" .\CortexM0\ARM_GCC_541\Debug\main.o .\CortexM0\ARM_GCC_541\Debug\cyfitter_cfg.o .\CortexM0\ARM_GCC_541\Debug\cymetadata.o .\CortexM0\ARM_GCC_541\Debug\Cm0Start.o .\CortexM0\ARM_GCC_541\Debug\microOLED_example.a -mcpu=cortex-m0 -mthumb -L Generated_Source\PSoC4 -Wl,-Map,.\CortexM0\ARM_GCC_541\Debug/microOLED_example.map -T Generated_Source\PSoC4\cm0gcc.ld -specs=nano.specs -Wl,--gc-sections -g -ffunction-sections -Og -ffat-lto-objects -Wl,--end-group
cyelftool.exe -C "C:\Users\Root\Documents\PSoC Creator\Workspace06\microOLED_example.cydsn\CortexM0\ARM_GCC_541\Debug\microOLED_example.elf" --flash_row_size 128 --flash_size 131072 --flash_offset 0x00000000
No ELF section .cychecksum found, creating one
Application checksum calculated and stored in ELF section .cychecksum
Checksum calculated and stored in ELF section .cymeta
cyelftool.exe -S "C:\Users\Root\Documents\PSoC Creator\Workspace06\microOLED_example.cydsn\CortexM0\ARM_GCC_541\Debug\microOLED_example.elf"
Flash used: 9926 of 131072 bytes (7.6 %).
SRAM used: 2624 of 16384 bytes (16.0 %). Stack: 2048 bytes. Heap: 128 bytes.
--------------- Build Succeeded: 05/18/2019 22:49:22 ---------------
