Loading plugins phase: Elapsed time ==> 0s.194ms
<CYPRESSTAG name="CyDsfit arguments...">
cydsfit arguments: -.fdsnotice -.fdswarpdepfile=warp_dependencies.txt -.fdselabdepfile=elab_dependencies.txt -.fdsbldfile=generated_files.txt -.fdsreffile=referenced_files.txt -p C:\Users\Root\Documents\PSoC Creator\Workspace06\microOLED_example.cydsn\microOLED_example.cyprj -d CY8C4127LQI-BL483 -s C:\Users\Root\Documents\PSoC Creator\Workspace06\microOLED_example.cydsn\Generated_Source\PSoC4 -- -yv2 -q10 -ygs -o2 -v3 -.fftcfgtype=LE
</CYPRESSTAG>
<CYPRESSTAG name="Design elaboration results...">
</CYPRESSTAG>
Elaboration phase: Elapsed time ==> 1s.466ms
<CYPRESSTAG name="HDL generation results...">
</CYPRESSTAG>
HDL generation phase: Elapsed time ==> 0s.042ms
<CYPRESSTAG name="Synthesis results...">

     | | | | | | |
   _________________
  -|               |-
  -|               |-
  -|               |-
  -|    CYPRESS    |-
  -|               |-
  -|               |-   Warp Verilog Synthesis Compiler: Version 6.3 IR 41
  -|               |-   Copyright (C) 1991-2001 Cypress Semiconductor
   |_______________|
     | | | | | | |

======================================================================
Compiling:  microOLED_example.v
Program  :   C:\Program Files (x86)\Cypress\PSoC Creator\4.2\PSoC Creator\warp\bin\warp.exe
Options  :    -yv2 -q10 -ygs -o2 -v3 -.fftcfgtype=LE -ya -.fftprj=C:\Users\Root\Documents\PSoC Creator\Workspace06\microOLED_example.cydsn\microOLED_example.cyprj -dcpsoc3 microOLED_example.v -verilog
======================================================================

======================================================================
Compiling:  microOLED_example.v
Program  :   C:\Program Files (x86)\Cypress\PSoC Creator\4.2\PSoC Creator\warp\bin\warp.exe
Options  :    -yv2 -q10 -ygs -o2 -v3 -.fftcfgtype=LE -ya -.fftprj=C:\Users\Root\Documents\PSoC Creator\Workspace06\microOLED_example.cydsn\microOLED_example.cyprj -dcpsoc3 microOLED_example.v -verilog
======================================================================

======================================================================
Compiling:  microOLED_example.v
Program  :   vlogfe
Options  :    -yv2 -q10 -ygs -o2 -v3 -.fftcfgtype=LE -ya -.fftprj=C:\Users\Root\Documents\PSoC Creator\Workspace06\microOLED_example.cydsn\microOLED_example.cyprj -dcpsoc3 -verilog microOLED_example.v
======================================================================

vlogfe V6.3 IR 41:  Verilog parser
Sat May 18 22:49:09 2019


======================================================================
Compiling:  microOLED_example.v
Program  :   vpp
Options  :    -yv2 -q10 microOLED_example.v
======================================================================

vpp V6.3 IR 41:  Verilog Pre-Processor
Sat May 18 22:49:09 2019

Flattening file 'C:\Program Files (x86)\Cypress\PSoC Creator\4.2\PSoC Creator\psoc\content\CyPrimitives\cyprimitives.cylib\cy_virtualmux_v1_0\cy_virtualmux_v1_0.v'
Flattening file 'C:\Program Files (x86)\Cypress\PSoC Creator\4.2\PSoC Creator\psoc\content\CyPrimitives\cyprimitives.cylib\ZeroTerminal\ZeroTerminal.v'
Flattening file 'C:\Program Files (x86)\Cypress\PSoC Creator\4.2\PSoC Creator\psoc\content\CyPrimitives\cyprimitives.cylib\or_v1_0\or_v1_0.v'

vpp:  No errors.

Library 'work' => directory 'lcpsoc3'
General_symbol_table
General_symbol_table
Linking 'C:\Program Files (x86)\Cypress\PSoC Creator\4.2\PSoC Creator\warp\lib\common\std.vhd'.
Linking 'C:\Program Files (x86)\Cypress\PSoC Creator\4.2\PSoC Creator\warp\lib\common\cypress.vhd'.
Linking 'C:\Program Files (x86)\Cypress\PSoC Creator\4.2\PSoC Creator\warp\lib\common\work\cypress.vif'.
Linking 'C:\Program Files (x86)\Cypress\PSoC Creator\4.2\PSoC Creator\warp\lib\ieee\work\stdlogic.vif'.
Linking 'C:\Program Files (x86)\Cypress\PSoC Creator\4.2\PSoC Creator\warp\lib\common\stdlogic\lpmpkg.vif'.
Linking 'C:\Program Files (x86)\Cypress\PSoC Creator\4.2\PSoC Creator\warp\lib\common\stdlogic\rtlpkg.vif'.
Linking 'C:\Program Files (x86)\Cypress\PSoC Creator\4.2\PSoC Creator\warp\lib\common\stdlogic\mod_cnst.vif'.
Linking 'C:\Program Files (x86)\Cypress\PSoC Creator\4.2\PSoC Creator\warp\lib\common\stdlogic\mod_mthv.vif'.
Linking 'C:\Program Files (x86)\Cypress\PSoC Creator\4.2\PSoC Creator\warp\lib\common\stdlogic\mod_genv.vif'.
Using control file 'microOLED_example.ctl'.

vlogfe:  No errors.


======================================================================
Compiling:  microOLED_example.v
Program  :   tovif
Options  :    -yv2 -q10 -ygs -o2 -v3 -.fftcfgtype=LE -ya -.fftprj=C:\Users\Root\Documents\PSoC Creator\Workspace06\microOLED_example.cydsn\microOLED_example.cyprj -dcpsoc3 -verilog microOLED_example.v
======================================================================

tovif V6.3 IR 41:  High-level synthesis
Sat May 18 22:49:09 2019

Linking 'C:\Program Files (x86)\Cypress\PSoC Creator\4.2\PSoC Creator\warp\lib\common\std.vhd'.
Linking 'C:\Program Files (x86)\Cypress\PSoC Creator\4.2\PSoC Creator\warp\lib\common\cypress.vhd'.
Linking 'C:\Program Files (x86)\Cypress\PSoC Creator\4.2\PSoC Creator\warp\lib\common\work\cypress.vif'.
Linking 'C:\Program Files (x86)\Cypress\PSoC Creator\4.2\PSoC Creator\warp\lib\ieee\work\stdlogic.vif'.
Linking 'C:\Program Files (x86)\Cypress\PSoC Creator\4.2\PSoC Creator\warp\lib\common\stdlogic\lpmpkg.vif'.
Linking 'C:\Program Files (x86)\Cypress\PSoC Creator\4.2\PSoC Creator\warp\lib\common\stdlogic\rtlpkg.vif'.
Linking 'C:\Program Files (x86)\Cypress\PSoC Creator\4.2\PSoC Creator\warp\lib\common\stdlogic\mod_cnst.vif'.
Linking 'C:\Program Files (x86)\Cypress\PSoC Creator\4.2\PSoC Creator\warp\lib\common\stdlogic\mod_mthv.vif'.
Linking 'C:\Program Files (x86)\Cypress\PSoC Creator\4.2\PSoC Creator\warp\lib\common\stdlogic\mod_genv.vif'.
Linking 'C:\Users\Root\Documents\PSoC Creator\Workspace06\microOLED_example.cydsn\codegentemp\microOLED_example.ctl'.
Linking 'C:\Program Files (x86)\Cypress\PSoC Creator\4.2\PSoC Creator\psoc\content\CyPrimitives\cyprimitives.cylib\cy_virtualmux_v1_0\cy_virtualmux_v1_0.v'.
Linking 'C:\Users\Root\Documents\PSoC Creator\Workspace06\microOLED_example.cydsn\codegentemp\microOLED_example.v'.
Linking 'C:\Program Files (x86)\Cypress\PSoC Creator\4.2\PSoC Creator\psoc\content\CyPrimitives\cyprimitives.cylib\ZeroTerminal\ZeroTerminal.v'.
Linking 'C:\Program Files (x86)\Cypress\PSoC Creator\4.2\PSoC Creator\psoc\content\CyPrimitives\cyprimitives.cylib\or_v1_0\or_v1_0.v'.

tovif:  No errors.


======================================================================
Compiling:  microOLED_example.v
Program  :   topld
Options  :    -yv2 -q10 -ygs -o2 -v3 -.fftcfgtype=LE -ya -.fftprj=C:\Users\Root\Documents\PSoC Creator\Workspace06\microOLED_example.cydsn\microOLED_example.cyprj -dcpsoc3 -verilog microOLED_example.v
======================================================================

topld V6.3 IR 41:  Synthesis and optimization
Sat May 18 22:49:09 2019

Linking 'C:\Program Files (x86)\Cypress\PSoC Creator\4.2\PSoC Creator\warp\lib\common\std.vhd'.
Linking 'C:\Program Files (x86)\Cypress\PSoC Creator\4.2\PSoC Creator\warp\lib\common\cypress.vhd'.
Linking 'C:\Program Files (x86)\Cypress\PSoC Creator\4.2\PSoC Creator\warp\lib\common\work\cypress.vif'.
Linking 'C:\Program Files (x86)\Cypress\PSoC Creator\4.2\PSoC Creator\warp\lib\ieee\work\stdlogic.vif'.
Linking 'C:\Program Files (x86)\Cypress\PSoC Creator\4.2\PSoC Creator\warp\lib\common\stdlogic\lpmpkg.vif'.
Linking 'C:\Program Files (x86)\Cypress\PSoC Creator\4.2\PSoC Creator\warp\lib\common\stdlogic\rtlpkg.vif'.
Linking 'C:\Program Files (x86)\Cypress\PSoC Creator\4.2\PSoC Creator\warp\lib\common\stdlogic\mod_cnst.vif'.
Linking 'C:\Program Files (x86)\Cypress\PSoC Creator\4.2\PSoC Creator\warp\lib\common\stdlogic\mod_mthv.vif'.
Linking 'C:\Program Files (x86)\Cypress\PSoC Creator\4.2\PSoC Creator\warp\lib\common\stdlogic\mod_genv.vif'.
Linking 'C:\Users\Root\Documents\PSoC Creator\Workspace06\microOLED_example.cydsn\codegentemp\microOLED_example.ctl'.
Linking 'C:\Program Files (x86)\Cypress\PSoC Creator\4.2\PSoC Creator\psoc\content\CyPrimitives\cyprimitives.cylib\cy_virtualmux_v1_0\cy_virtualmux_v1_0.v'.
Linking 'C:\Users\Root\Documents\PSoC Creator\Workspace06\microOLED_example.cydsn\codegentemp\microOLED_example.v'.
Linking 'C:\Program Files (x86)\Cypress\PSoC Creator\4.2\PSoC Creator\psoc\content\CyPrimitives\cyprimitives.cylib\ZeroTerminal\ZeroTerminal.v'.
Linking 'C:\Program Files (x86)\Cypress\PSoC Creator\4.2\PSoC Creator\psoc\content\CyPrimitives\cyprimitives.cylib\or_v1_0\or_v1_0.v'.
Linking 'C:\Program Files (x86)\Cypress\PSoC Creator\4.2\PSoC Creator\warp\lib\lcpsoc3\stdlogic\cpsoc3.vif'.

----------------------------------------------------------
Detecting unused logic.
----------------------------------------------------------
    User names
	\OLED_SSD1306_1:I2C:Net_1257\
	\OLED_SSD1306_1:I2C:uncfg_rx_irq\
	\OLED_SSD1306_1:I2C:Net_1099\
	\OLED_SSD1306_1:I2C:Net_1258\
	\OLED_SSD1306_1:Net_2\
	\OLED_SSD1306_1:Net_11\
	\OLED_SSD1306_1:Net_12\
	\OLED_SSD1306_1:Net_13\
	\OLED_SSD1306_1:Net_14\
	\OLED_SSD1306_1:Net_15\
	\OLED_SSD1306_1:Net_16\
	\OLED_SSD1306_1:Net_17\
	\OLED_SSD1306_1:Net_19\
	\OLED_SSD1306_1:Net_22\


Deleted 14 User equations/components.
Deleted 0 Synthesized equations/components.

------------------------------------------------------
Alias Detection
------------------------------------------------------
Aliasing \OLED_SSD1306_1:I2C:rx_wire\ to \OLED_SSD1306_1:I2C:select_s_wire\
Aliasing \OLED_SSD1306_1:I2C:sclk_s_wire\ to \OLED_SSD1306_1:I2C:select_s_wire\
Aliasing \OLED_SSD1306_1:I2C:mosi_s_wire\ to \OLED_SSD1306_1:I2C:select_s_wire\
Aliasing \OLED_SSD1306_1:I2C:miso_m_wire\ to \OLED_SSD1306_1:I2C:select_s_wire\
Aliasing zero to \OLED_SSD1306_1:I2C:select_s_wire\
Aliasing one to \OLED_SSD1306_1:I2C:tmpOE__sda_net_0\
Aliasing \OLED_SSD1306_1:I2C:tmpOE__scl_net_0\ to \OLED_SSD1306_1:I2C:tmpOE__sda_net_0\
Aliasing \OLED_SSD1306_1:I2C:cts_wire\ to \OLED_SSD1306_1:I2C:select_s_wire\
Aliasing \OLED_SSD1306_1:tmpOE__OLED_ADDR_Select_net_0\ to \OLED_SSD1306_1:I2C:tmpOE__sda_net_0\
Aliasing \OLED_SSD1306_1:tmpOE__OLED_Reset_net_0\ to \OLED_SSD1306_1:I2C:tmpOE__sda_net_0\
Removing Lhs of wire \OLED_SSD1306_1:I2C:rx_wire\[3] = \OLED_SSD1306_1:I2C:select_s_wire\[2]
Removing Lhs of wire \OLED_SSD1306_1:I2C:Net_1170\[6] = \OLED_SSD1306_1:I2C:Net_847\[1]
Removing Lhs of wire \OLED_SSD1306_1:I2C:sclk_s_wire\[7] = \OLED_SSD1306_1:I2C:select_s_wire\[2]
Removing Lhs of wire \OLED_SSD1306_1:I2C:mosi_s_wire\[8] = \OLED_SSD1306_1:I2C:select_s_wire\[2]
Removing Lhs of wire \OLED_SSD1306_1:I2C:miso_m_wire\[9] = \OLED_SSD1306_1:I2C:select_s_wire\[2]
Removing Rhs of wire zero[12] = \OLED_SSD1306_1:I2C:select_s_wire\[2]
Removing Rhs of wire one[16] = \OLED_SSD1306_1:I2C:tmpOE__sda_net_0\[11]
Removing Lhs of wire \OLED_SSD1306_1:I2C:tmpOE__scl_net_0\[19] = one[16]
Removing Lhs of wire \OLED_SSD1306_1:I2C:cts_wire\[28] = zero[12]
Removing Lhs of wire \OLED_SSD1306_1:tmpOE__OLED_ADDR_Select_net_0\[53] = one[16]
Removing Lhs of wire \OLED_SSD1306_1:tmpOE__OLED_Reset_net_0\[59] = one[16]

------------------------------------------------------
Aliased 0 equations, 11 wires.
------------------------------------------------------

----------------------------------------------------------
Circuit simplification
----------------------------------------------------------

Substituting virtuals - pass 1:


----------------------------------------------------------
Circuit simplification results:

	Expanded 0 signals.
	Turned 0 signals into soft nodes.
	Maximum default expansion cost was set at 3.
----------------------------------------------------------

topld:  No errors.

CYPRESS_DIR    : C:\Program Files (x86)\Cypress\PSoC Creator\4.2\PSoC Creator\warp
Warp Program   : C:\Program Files (x86)\Cypress\PSoC Creator\4.2\PSoC Creator\warp\bin\warp.exe
Warp Arguments : -yv2 -q10 -ygs -o2 -v3 -.fftcfgtype=LE -ya "-.fftprj=C:\Users\Root\Documents\PSoC Creator\Workspace06\microOLED_example.cydsn\microOLED_example.cyprj" -dcpsoc3 microOLED_example.v -verilog
</CYPRESSTAG>
Warp synthesis phase: Elapsed time ==> 0s.418ms
<CYPRESSTAG name="Fitter results...">
<CYPRESSTAG name="Fitter startup details...">
cyp3fit: V4.2.0.641, Family: PSoC3, Started at: Saturday, 18 May 2019 22:49:09
Options: -yv2 -q10 -ygs -o2 -v3 -.fftcfgtype=LE -ya -.fftprj=C:\Users\Root\Documents\PSoC Creator\Workspace06\microOLED_example.cydsn\microOLED_example.cyprj -d CY8C4127LQI-BL483 microOLED_example.v -verilog
</CYPRESSTAG>
<CYPRESSTAG name="Design parsing">
Design parsing phase: Elapsed time ==> 0s.011ms
</CYPRESSTAG>
<CYPRESSTAG name="Tech Mapping">
<CYPRESSTAG name="Initial Mapping" icon="FILE_RPT_TECHM">
<CYPRESSTAG name="Global Clock Selection" icon="FILE_RPT_TECHM">
    Fixed Function Clock 1: Automatic-assigning  clock 'OLED_SSD1306_1_I2C_SCBCLK'. Signal=\OLED_SSD1306_1:I2C:Net_847_ff1\
<CYPRESSTAG name="UDB Clock/Enable Remapping Results">
</CYPRESSTAG>
</CYPRESSTAG>

Removing unused cells resulting from optimization
Done removing unused cells.
<CYPRESSTAG name="Duplicate Macrocell detection">
</CYPRESSTAG>
</CYPRESSTAG>
<CYPRESSTAG name="Duplicate Macrocell detection">
</CYPRESSTAG>
<CYPRESSTAG name="Design Equations" icon="FILE_RPT_EQUATION">

------------------------------------------------------------
Design Equations
------------------------------------------------------------
    <CYPRESSTAG name="Pin listing">

    ------------------------------------------------------------
    Pin listing
    ------------------------------------------------------------

    Pin : Name = \OLED_SSD1306_1:I2C:sda(0)\
        Attributes:
            In Group/Port: True
            In Sync Option: NOSYNC
            Out Sync Option: NOSYNC
            Interrupt generated: False
            Interrupt mode: NONE
            Drive mode: OPEN_DRAIN_LO
            VTrip: CMOS
            Slew: FAST
            Input Sync needed: False
            Output Sync needed: False
            SC shield enabled: False
            POR State: ANY
            LCD Mode: COMMON
            Register Mode: RegComb
            CaSense Mode: NEITHER
            Treat as pin: True
            Is OE Registered: False
            Uses Analog: False
            Can contain Digital: True
            Is SIO: False
            SIO Output Buf: NONREGULATED
            SIO Input Buf: SINGLE_ENDED
            SIO HiFreq: LOW
            SIO Hyst: DISABLED
            SIO Vtrip: MULTIPLIER_0_5
            SIO Multiplier Index: 0
            SIO RefSel: VCC_IO
            Required Capabilities: DIGITAL
            Initial Value: 1
            IO Voltage: 0
        PORT MAP (
            pa_out => \OLED_SSD1306_1:I2C:sda(0)\__PA ,
            fb => \OLED_SSD1306_1:Net_21\ ,
            pad => \OLED_SSD1306_1:I2C:sda(0)_PAD\ );
        Properties:
        {
        }

    Pin : Name = \OLED_SSD1306_1:I2C:scl(0)\
        Attributes:
            In Group/Port: True
            In Sync Option: NOSYNC
            Out Sync Option: NOSYNC
            Interrupt generated: False
            Interrupt mode: NONE
            Drive mode: OPEN_DRAIN_LO
            VTrip: CMOS
            Slew: FAST
            Input Sync needed: False
            Output Sync needed: False
            SC shield enabled: False
            POR State: ANY
            LCD Mode: COMMON
            Register Mode: RegComb
            CaSense Mode: NEITHER
            Treat as pin: True
            Is OE Registered: False
            Uses Analog: False
            Can contain Digital: True
            Is SIO: False
            SIO Output Buf: NONREGULATED
            SIO Input Buf: SINGLE_ENDED
            SIO HiFreq: LOW
            SIO Hyst: DISABLED
            SIO Vtrip: MULTIPLIER_0_5
            SIO Multiplier Index: 0
            SIO RefSel: VCC_IO
            Required Capabilities: DIGITAL
            Initial Value: 1
            IO Voltage: 0
        PORT MAP (
            pa_out => \OLED_SSD1306_1:I2C:scl(0)\__PA ,
            fb => \OLED_SSD1306_1:Net_20\ ,
            pad => \OLED_SSD1306_1:I2C:scl(0)_PAD\ );
        Properties:
        {
        }

    Pin : Name = \OLED_SSD1306_1:OLED_ADDR_Select(0)\
        Attributes:
            In Group/Port: True
            In Sync Option: AUTO
            Out Sync Option: NOSYNC
            Interrupt generated: False
            Interrupt mode: NONE
            Drive mode: CMOS_OUT
            VTrip: EITHER
            Slew: FAST
            Input Sync needed: False
            Output Sync needed: False
            SC shield enabled: False
            POR State: ANY
            LCD Mode: COMMON
            Register Mode: RegComb
            CaSense Mode: NEITHER
            Treat as pin: True
            Is OE Registered: False
            Uses Analog: False
            Can contain Digital: True
            Is SIO: False
            SIO Output Buf: NONREGULATED
            SIO Input Buf: SINGLE_ENDED
            SIO HiFreq: LOW
            SIO Hyst: DISABLED
            SIO Vtrip: MULTIPLIER_0_5
            SIO Multiplier Index: 0
            SIO RefSel: VCC_IO
            Required Capabilities: DIGITAL
            Initial Value: 0
            IO Voltage: 0
        PORT MAP (
            pa_out => \OLED_SSD1306_1:OLED_ADDR_Select(0)\__PA ,
            pad => \OLED_SSD1306_1:OLED_ADDR_Select(0)_PAD\ );
        Properties:
        {
        }

    Pin : Name = \OLED_SSD1306_1:OLED_Reset(0)\
        Attributes:
            In Group/Port: True
            In Sync Option: AUTO
            Out Sync Option: NOSYNC
            Interrupt generated: False
            Interrupt mode: NONE
            Drive mode: CMOS_OUT
            VTrip: EITHER
            Slew: FAST
            Input Sync needed: False
            Output Sync needed: False
            SC shield enabled: False
            POR State: ANY
            LCD Mode: COMMON
            Register Mode: RegComb
            CaSense Mode: NEITHER
            Treat as pin: True
            Is OE Registered: False
            Uses Analog: False
            Can contain Digital: True
            Is SIO: False
            SIO Output Buf: NONREGULATED
            SIO Input Buf: SINGLE_ENDED
            SIO HiFreq: LOW
            SIO Hyst: DISABLED
            SIO Vtrip: MULTIPLIER_0_5
            SIO Multiplier Index: 0
            SIO RefSel: VCC_IO
            Required Capabilities: DIGITAL
            Initial Value: 0
            IO Voltage: 0
        PORT MAP (
            pa_out => \OLED_SSD1306_1:OLED_Reset(0)\__PA ,
            pad => \OLED_SSD1306_1:OLED_Reset(0)_PAD\ );
        Properties:
        {
        }
    </CYPRESSTAG>
    <CYPRESSTAG name="Macrocell listing" icon="FILE_RPT_EQUATION">
    </CYPRESSTAG>
    <CYPRESSTAG name="Datapath listing">
    </CYPRESSTAG>
    <CYPRESSTAG name="Status register listing">
    </CYPRESSTAG>
    <CYPRESSTAG name="StatusI register listing">
    </CYPRESSTAG>
    <CYPRESSTAG name="Sync listing">
    </CYPRESSTAG>
    <CYPRESSTAG name="Control register listing">
    </CYPRESSTAG>
    <CYPRESSTAG name="Count7 listing">
    </CYPRESSTAG>
    <CYPRESSTAG name="DRQ listing">
    </CYPRESSTAG>
    <CYPRESSTAG name="Interrupt listing">

    ------------------------------------------------------------
    Interrupt listing
    ------------------------------------------------------------

    interrupt: Name =\OLED_SSD1306_1:I2C:SCB_IRQ\
        PORT MAP (
            interrupt => \OLED_SSD1306_1:Net_3\ );
        Properties:
        {
            int_type = "10"
            is_nmi = 0
        }
    </CYPRESSTAG>
</CYPRESSTAG>
<CYPRESSTAG name="Technology mapping summary" expanded>

------------------------------------------------------------
Technology mapping summary
------------------------------------------------------------

Resource Type                 : Used : Free :  Max :  % Used
============================================================
Digital Clocks                :    0 :    4 :    4 :  0.00 %
Interrupts                    :    1 :   31 :   32 :  3.13 %
IO                            :    8 :   30 :   38 : 21.05 %
Segment LCD                   :    0 :    1 :    1 :  0.00 %
CapSense                      :    0 :    1 :    1 :  0.00 %
Die Temp                      :    0 :    1 :    1 :  0.00 %
Serial Communication (SCB)    :    1 :    1 :    2 : 50.00 %
BLE                           :    0 :    1 :    1 :  0.00 %
Timer/Counter/PWM             :    0 :    4 :    4 :  0.00 %
Comparator/Opamp              :    0 :    2 :    2 :  0.00 %
LP Comparator                 :    0 :    2 :    2 :  0.00 %
SAR ADC                       :    0 :    1 :    1 :  0.00 %
DAC                           :      :      :      :        
  7-bit IDAC                  :    0 :    1 :    1 :  0.00 %
  8-bit IDAC                  :    0 :    1 :    1 :  0.00 %
</CYPRESSTAG>
Technology Mapping: Elapsed time ==> 0s.026ms
Tech Mapping phase: Elapsed time ==> 0s.060ms
</CYPRESSTAG>
<CYPRESSTAG name="Analog Placement">
<CYPRESSTAG name="FFB & IO Pre Placement">
<CYPRESSTAG name="Placement" icon="FILE_RPT_PLACEMENT">

Cell                                : Block                              
=========================================================================
\OLED_SSD1306_1:I2C:sda(0)\         : [IOP=(3)][IoId=(4)]                
\OLED_SSD1306_1:I2C:scl(0)\         : [IOP=(3)][IoId=(5)]                
\OLED_SSD1306_1:OLED_ADDR_Select(0)\ : [IOP=(0)][IoId=(1)]                
\OLED_SSD1306_1:OLED_Reset(0)\      : [IOP=(0)][IoId=(0)]                
ClockGenBlock                       : CLK_GEN_[FFB(CLK_GEN,0)]           
\OLED_SSD1306_1:I2C:SCB\            : SCB_[FFB(SCB,1)]                   

</CYPRESSTAG>
</CYPRESSTAG>
<CYPRESSTAG name="Real Analog Placement">
Elapsed time ==> 0.2137196s
</CYPRESSTAG>
Analog Placement phase: Elapsed time ==> 0s.457ms
</CYPRESSTAG>
<CYPRESSTAG name="Analog Routing">
<CYPRESSTAG name="Analog Routing">
Route success=True, Iterations=1 Elapsed=0.0009040 secs
</CYPRESSTAG>
Analog Routing phase: Elapsed time ==> 0s.001ms
</CYPRESSTAG>
<CYPRESSTAG name="Analog Code Generation">
============ Analog Final Answer Routes ============
Dump of CyAnalogRoutingResultsDB
Map of net to items {
}
Map of item to net {
}
Mux Info {
}
Analog Code Generation phase: Elapsed time ==> 0s.018ms
</CYPRESSTAG>
<CYPRESSTAG name="Digital Placement">
<CYPRESSTAG name="Detailed placement messages">
I2659: No Constrained paths were found. The placer will run in non-timing driven mode.
I2076: Total run-time: 0.3 sec.

</CYPRESSTAG>
<CYPRESSTAG name="PLD Packing">
<CYPRESSTAG name="PLD Packing Summary">
No PLDs were packed.
</CYPRESSTAG>
PLD Packing: Elapsed time ==> 0s.001ms
</CYPRESSTAG>
<CYPRESSTAG name="Partitioning">
<CYPRESSTAG name="Initial Partitioning Summary">
Initial Partitioning Summary not displayed at this verbose level.</CYPRESSTAG>
<CYPRESSTAG name="Final Partitioning Summary">
Final Partitioning Summary not displayed at this verbose level.</CYPRESSTAG>
Partitioning: Elapsed time ==> 0s.018ms
</CYPRESSTAG>
<CYPRESSTAG name="Final Placement Summary">

------------------------------------------------------------
Final Placement Summary
------------------------------------------------------------

       Resource Type :      Count : Avg Inputs : Avg Outputs
    ========================================================
                 UDB :          0 :       0.00 :       0.00
<CYPRESSTAG name="Final Placement Details">
<CYPRESSTAG name="Component Details">

------------------------------------------------------------
Component Placement Details
------------------------------------------------------------
UDB [UDB=(0,0)] is empty.
Intr container @ [IntrContainer=(0)]: 
  Intr@ [IntrContainer=(0)][IntrId=(10)] 
    interrupt: Name =\OLED_SSD1306_1:I2C:SCB_IRQ\
        PORT MAP (
            interrupt => \OLED_SSD1306_1:Net_3\ );
        Properties:
        {
            int_type = "10"
            is_nmi = 0
        }
Port 0 contains the following IO cells:
[IoId=0]: 
Pin : Name = \OLED_SSD1306_1:OLED_Reset(0)\
    Attributes:
        In Group/Port: True
        In Sync Option: AUTO
        Out Sync Option: NOSYNC
        Interrupt generated: False
        Interrupt mode: NONE
        Drive mode: CMOS_OUT
        VTrip: EITHER
        Slew: FAST
        Input Sync needed: False
        Output Sync needed: False
        SC shield enabled: False
        POR State: ANY
        LCD Mode: COMMON
        Register Mode: RegComb
        CaSense Mode: NEITHER
        Treat as pin: True
        Is OE Registered: False
        Uses Analog: False
        Can contain Digital: True
        Is SIO: False
        SIO Output Buf: NONREGULATED
        SIO Input Buf: SINGLE_ENDED
        SIO HiFreq: LOW
        SIO Hyst: DISABLED
        SIO Vtrip: MULTIPLIER_0_5
        SIO Multiplier Index: 0
        SIO RefSel: VCC_IO
        Required Capabilities: DIGITAL
        Initial Value: 0
        IO Voltage: 0
    PORT MAP (
        pa_out => \OLED_SSD1306_1:OLED_Reset(0)\__PA ,
        pad => \OLED_SSD1306_1:OLED_Reset(0)_PAD\ );
    Properties:
    {
    }

[IoId=1]: 
Pin : Name = \OLED_SSD1306_1:OLED_ADDR_Select(0)\
    Attributes:
        In Group/Port: True
        In Sync Option: AUTO
        Out Sync Option: NOSYNC
        Interrupt generated: False
        Interrupt mode: NONE
        Drive mode: CMOS_OUT
        VTrip: EITHER
        Slew: FAST
        Input Sync needed: False
        Output Sync needed: False
        SC shield enabled: False
        POR State: ANY
        LCD Mode: COMMON
        Register Mode: RegComb
        CaSense Mode: NEITHER
        Treat as pin: True
        Is OE Registered: False
        Uses Analog: False
        Can contain Digital: True
        Is SIO: False
        SIO Output Buf: NONREGULATED
        SIO Input Buf: SINGLE_ENDED
        SIO HiFreq: LOW
        SIO Hyst: DISABLED
        SIO Vtrip: MULTIPLIER_0_5
        SIO Multiplier Index: 0
        SIO RefSel: VCC_IO
        Required Capabilities: DIGITAL
        Initial Value: 0
        IO Voltage: 0
    PORT MAP (
        pa_out => \OLED_SSD1306_1:OLED_ADDR_Select(0)\__PA ,
        pad => \OLED_SSD1306_1:OLED_ADDR_Select(0)_PAD\ );
    Properties:
    {
    }

Port 1 contains the following IO cells:
Port 2 contains the following IO cells:
Port 3 contains the following IO cells:
[IoId=4]: 
Pin : Name = \OLED_SSD1306_1:I2C:sda(0)\
    Attributes:
        In Group/Port: True
        In Sync Option: NOSYNC
        Out Sync Option: NOSYNC
        Interrupt generated: False
        Interrupt mode: NONE
        Drive mode: OPEN_DRAIN_LO
        VTrip: CMOS
        Slew: FAST
        Input Sync needed: False
        Output Sync needed: False
        SC shield enabled: False
        POR State: ANY
        LCD Mode: COMMON
        Register Mode: RegComb
        CaSense Mode: NEITHER
        Treat as pin: True
        Is OE Registered: False
        Uses Analog: False
        Can contain Digital: True
        Is SIO: False
        SIO Output Buf: NONREGULATED
        SIO Input Buf: SINGLE_ENDED
        SIO HiFreq: LOW
        SIO Hyst: DISABLED
        SIO Vtrip: MULTIPLIER_0_5
        SIO Multiplier Index: 0
        SIO RefSel: VCC_IO
        Required Capabilities: DIGITAL
        Initial Value: 1
        IO Voltage: 0
    PORT MAP (
        pa_out => \OLED_SSD1306_1:I2C:sda(0)\__PA ,
        fb => \OLED_SSD1306_1:Net_21\ ,
        pad => \OLED_SSD1306_1:I2C:sda(0)_PAD\ );
    Properties:
    {
    }

[IoId=5]: 
Pin : Name = \OLED_SSD1306_1:I2C:scl(0)\
    Attributes:
        In Group/Port: True
        In Sync Option: NOSYNC
        Out Sync Option: NOSYNC
        Interrupt generated: False
        Interrupt mode: NONE
        Drive mode: OPEN_DRAIN_LO
        VTrip: CMOS
        Slew: FAST
        Input Sync needed: False
        Output Sync needed: False
        SC shield enabled: False
        POR State: ANY
        LCD Mode: COMMON
        Register Mode: RegComb
        CaSense Mode: NEITHER
        Treat as pin: True
        Is OE Registered: False
        Uses Analog: False
        Can contain Digital: True
        Is SIO: False
        SIO Output Buf: NONREGULATED
        SIO Input Buf: SINGLE_ENDED
        SIO HiFreq: LOW
        SIO Hyst: DISABLED
        SIO Vtrip: MULTIPLIER_0_5
        SIO Multiplier Index: 0
        SIO RefSel: VCC_IO
        Required Capabilities: DIGITAL
        Initial Value: 1
        IO Voltage: 0
    PORT MAP (
        pa_out => \OLED_SSD1306_1:I2C:scl(0)\__PA ,
        fb => \OLED_SSD1306_1:Net_20\ ,
        pad => \OLED_SSD1306_1:I2C:scl(0)_PAD\ );
    Properties:
    {
    }

Port 4 contains the following IO cells:
Port 5 contains the following IO cells:
Port 6 contains the following IO cells:
ARM group 0: empty
Clock group 0: 
    Clock Block @ F(Clock,0): 
    m0s8clockblockcell: Name =ClockBlock
        PORT MAP (
            hfclk => ClockBlock_HFClk ,
            imo => ClockBlock_IMO ,
            ext => ClockBlock_ExtClk ,
            sysclk => ClockBlock_SysClk ,
            eco => ClockBlock_ECO ,
            ilo => ClockBlock_ILO ,
            lfclk => ClockBlock_LFClk ,
            wco => ClockBlock_WCO ,
            dsi_in_0 => ClockBlock_Routed1 ,
            ff_div_1 => \OLED_SSD1306_1:I2C:Net_847_ff1\ );
        Properties:
        {
        }
LCD group 0: empty
PICU group 0: empty
LPCOMP group 0: empty
SCB group 0: 
    SCB Block @ F(SCB,1): 
    m0s8scbcell: Name =\OLED_SSD1306_1:I2C:SCB\
        PORT MAP (
            clock => \OLED_SSD1306_1:I2C:Net_847_ff1\ ,
            interrupt => \OLED_SSD1306_1:Net_3\ ,
            uart_tx => \OLED_SSD1306_1:I2C:tx_wire\ ,
            uart_rts => \OLED_SSD1306_1:I2C:rts_wire\ ,
            mosi_m => \OLED_SSD1306_1:I2C:mosi_m_wire\ ,
            select_m_3 => \OLED_SSD1306_1:I2C:select_m_wire_3\ ,
            select_m_2 => \OLED_SSD1306_1:I2C:select_m_wire_2\ ,
            select_m_1 => \OLED_SSD1306_1:I2C:select_m_wire_1\ ,
            select_m_0 => \OLED_SSD1306_1:I2C:select_m_wire_0\ ,
            sclk_m => \OLED_SSD1306_1:I2C:sclk_m_wire\ ,
            miso_s => \OLED_SSD1306_1:I2C:miso_s_wire\ ,
            i2c_scl => \OLED_SSD1306_1:Net_20\ ,
            i2c_sda => \OLED_SSD1306_1:Net_21\ ,
            tr_tx_req => \OLED_SSD1306_1:Net_6\ ,
            tr_rx_req => \OLED_SSD1306_1:Net_5\ );
        Properties:
        {
            cy_registers = ""
            scb_mode = 0
        }
CSD group 0: empty
CSIDAC8 group 0: empty
CSIDAC7 group 0: empty
TCPWM group 0: empty
OA group 0: empty
TEMP group 0: empty
SARADC group 0: empty
CLK_GEN group 0: 
    M0S8 Clock Gen Block @ F(CLK_GEN,0): 
    m0s8clockgenblockcell: Name =ClockGenBlock
        PORT MAP (
             );
        Properties:
        {
        }
LPCOMPBLOCK group 0: empty
PASSBLOCK group 0: empty
BLE group 0: empty
WCO group 0: empty
SRSS group 0: empty
CPUSS group 0: empty
IOSS group 0: empty
EXCO group 0: empty
</CYPRESSTAG>
<CYPRESSTAG name="Port Configuration Details">

------------------------------------------------------------
Port Configuration report
------------------------------------------------------------
     |     |       | Interrupt |                  |                                      | 
Port | Pin | Fixed |      Type |       Drive Mode |                                 Name | Connections
-----+-----+-------+-----------+------------------+--------------------------------------+----------------------------
   0 |   0 |     * |      NONE |         CMOS_OUT |       \OLED_SSD1306_1:OLED_Reset(0)\ | 
     |   1 |     * |      NONE |         CMOS_OUT | \OLED_SSD1306_1:OLED_ADDR_Select(0)\ | 
-----+-----+-------+-----------+------------------+--------------------------------------+----------------------------
   3 |   4 |     * |      NONE |    OPEN_DRAIN_LO |          \OLED_SSD1306_1:I2C:sda(0)\ | FB(\OLED_SSD1306_1:Net_21\)
     |   5 |     * |      NONE |    OPEN_DRAIN_LO |          \OLED_SSD1306_1:I2C:scl(0)\ | FB(\OLED_SSD1306_1:Net_20\)
----------------------------------------------------------------------------------------------------------------------
</CYPRESSTAG>
</CYPRESSTAG>
</CYPRESSTAG>
Digital component placer commit/Report: Elapsed time ==> 0s.019ms
Digital Placement phase: Elapsed time ==> 0s.662ms
</CYPRESSTAG>
<CYPRESSTAG name="Digital Routing">
"C:\Program Files (x86)\Cypress\PSoC Creator\4.2\PSoC Creator\bin/sjrouter.exe" --xml-path "C:\Program Files (x86)\Cypress\PSoC Creator\4.2\PSoC Creator\dev\psoc4/3/128k/route_arch-rrg.cydata" --vh2-path "microOLED_example_r.vh2" --pcf-path "microOLED_example.pco" --des-name "microOLED_example" --dsf-path "microOLED_example.dsf" --sdc-path "microOLED_example.sdc" --lib-path "microOLED_example_r.lib"
Routing successful.
Digital Routing phase: Elapsed time ==> 1s.164ms
</CYPRESSTAG>
<CYPRESSTAG name="Bitstream Generation">
Bitstream Generation phase: Elapsed time ==> 0s.440ms
</CYPRESSTAG>
<CYPRESSTAG name="Bitstream Verification">
Bitstream Verification phase: Elapsed time ==> 0s.034ms
</CYPRESSTAG>
<CYPRESSTAG name="Static timing analysis">
Timing report is in microOLED_example_timing.html.
Static timing analysis phase: Elapsed time ==> 0s.166ms
</CYPRESSTAG>
<CYPRESSTAG name="Data reporting">
Data reporting phase: Elapsed time ==> 0s.000ms
</CYPRESSTAG>
<CYPRESSTAG name="Database update...">
Design database save phase: Elapsed time ==> 0s.234ms
</CYPRESSTAG>
cydsfit: Elapsed time ==> 3s.275ms
</CYPRESSTAG>
Fitter phase: Elapsed time ==> 3s.276ms
API generation phase: Elapsed time ==> 1s.325ms
Dependency generation phase: Elapsed time ==> 0s.030ms
Cleanup phase: Elapsed time ==> 0s.003ms
