ARM GAS  C:\Users\Root\AppData\Local\Temp\ccwdLqD3.s 			page 1


   1              		.syntax unified
   2              		.cpu cortex-m4
   3              		.eabi_attribute 27, 1
   4              		.fpu fpv4-sp-d16
   5              		.eabi_attribute 20, 1
   6              		.eabi_attribute 21, 1
   7              		.eabi_attribute 23, 3
   8              		.eabi_attribute 24, 1
   9              		.eabi_attribute 25, 1
  10              		.eabi_attribute 26, 1
  11              		.eabi_attribute 30, 1
  12              		.eabi_attribute 34, 1
  13              		.eabi_attribute 18, 4
  14              		.thumb
  15              		.syntax unified
  16              		.file	"untitled01.c"
  17              		.text
  18              	.Ltext0:
  19              		.cfi_sections	.debug_frame
  20              	.Letext0:
  21              		.section	.debug_line,"",%progbits
  22              	.Ldebug_line0:
  23              		.section	.debug_str,"MS",%progbits,1
  24              	.LASF0:
  25 0000 756E7469 		.ascii	"untitled01.c\000"
  25      746C6564 
  25      30312E63 
  25      00
  26              	.LASF1:
  27 000d 433A5C55 		.ascii	"C:\\Users\\Root\\Documents\\PSoC Creator\\OLED_libr"
  27      73657273 
  27      5C526F6F 
  27      745C446F 
  27      63756D65 
  28 003b 61726965 		.ascii	"aries\\Sparkfun_MicroOled_SSD1306.cylib\000"
  28      735C5370 
  28      61726B66 
  28      756E5F4D 
  28      6963726F 
  29              	.LASF2:
  30 0062 474E5520 		.ascii	"GNU C11 5.4.1 20160609 (release) [ARM/embedded-5-br"
  30      43313120 
  30      352E342E 
  30      31203230 
  30      31363036 
  31 0095 616E6368 		.ascii	"anch revision 237715] -mcpu=cortex-m4 -mfloat-abi=s"
  31      20726576 
  31      6973696F 
  31      6E203233 
  31      37373135 
  32 00c8 6F667466 		.ascii	"oftfp -mfpu=fpv4-sp-d16 -mthumb -g -Og -ffunction-s"
  32      70202D6D 
  32      6670753D 
  32      66707634 
  32      2D73702D 
  33 00fb 65637469 		.ascii	"ections -ffat-lto-objects\000"
  33      6F6E7320 
ARM GAS  C:\Users\Root\AppData\Local\Temp\ccwdLqD3.s 			page 2


  33      2D666661 
  33      742D6C74 
  33      6F2D6F62 
  34              		.ident	"GCC: (GNU Tools for ARM Embedded Processors) 5.4.1 20160609 (release) [ARM/embedded-5-bran
